<?xml version="1.0" encoding="UTF-8"?>
<robot generator="Robot 7.0.1 (Python 3.13.0rc1 on win32)" generated="2024-08-19T18:24:50.311419" rpa="false" schemaversion="5">
<suite id="s1" name="Test" source="C:\Users\Logisly 15\PycharmProjects\testAppPintu\Test">
<suite id="s1-s1" name="Login" source="C:\Users\Logisly 15\PycharmProjects\testAppPintu\Test\login.robot">
<test id="s1-s1-t1" name="Login with valid credential" line="7">
<kw name="Open app" owner="android-res">
<msg time="2024-08-19T18:24:50.701345" level="TRACE">Arguments: [  ]</msg>
<kw name="Open Application" owner="AppiumLibrary">
<msg time="2024-08-19T18:24:50.702226" level="TRACE">Arguments: [ 'http://localhost:4723' | platformName='Android' | deviceName='emulator-5554' | app='C:\\Users\\Logisly 15\\PycharmProjects\\testAppPintu\\Resources/app/Sample Android App - Login Tes_4.0_APKPure.apk' | appPackage='com.loginmodule.learning' | appActivity='com.loginmodule.learning.activities.LoginActivity' | automationName='Uiautomator2' | autoGrantPermissions='true' | newCommandTimeout='300' ]</msg>
<msg time="2024-08-19T18:24:50.702728" level="DEBUG">POST http://localhost:4723/session {"capabilities": {"firstMatch": [{}], "alwaysMatch": {"platformName": "Android", "appium:deviceName": "emulator-5554", "appium:app": "C:\\Users\\Logisly 15\\PycharmProjects\\testAppPintu\\Resources/app/Sample Android App - Login Tes_4.0_APKPure.apk", "appium:appPackage": "com.loginmodule.learning", "appium:appActivity": "com.loginmodule.learning.activities.LoginActivity", "appium:automationName": "Uiautomator2", "appium:autoGrantPermissions": "true", "appium:newCommandTimeout": "300"}}}</msg>
<msg time="2024-08-19T18:24:50.815168" level="DEBUG">Starting new HTTP connection (1): localhost:4723</msg>
<msg time="2024-08-19T18:25:04.858840" level="DEBUG">http://localhost:4723 "POST /session HTTP/11" 200 0</msg>
<msg time="2024-08-19T18:25:04.859302" level="DEBUG">Remote response: status=200 | data={"value":{"capabilities":{"platformName":"Android","deviceName":"emulator-5554","app":"C:\\Users\\Logisly 15\\PycharmProjects\\testAppPintu\\Resources/app/Sample Android App - Login Tes_4.0_APKPure.apk","appPackage":"com.loginmodule.learning","appActivity":"com.loginmodule.learning.activities.LoginActivity","automationName":"Uiautomator2","autoGrantPermissions":true,"newCommandTimeout":300,"platform":"LINUX","webStorageEnabled":false,"takesScreenshot":true,"javascriptEnabled":true,"databaseEnabled":false,"networkConnectionEnabled":true,"locationContextEnabled":false,"warnings":{},"desired":{"platformName":"Android","deviceName":"emulator-5554","app":"C:\\Users\\Logisly 15\\PycharmProjects\\testAppPintu\\Resources/app/Sample Android App - Login Tes_4.0_APKPure.apk","appPackage":"com.loginmodule.learning","appActivity":"com.loginmodule.learning.activities.LoginActivity","automationName":"Uiautomator2","autoGrantPermissions":true,"newCommandTimeout":300},"deviceUDID":"emulator-5554","pixelRatio":"3","statBarHeight":151,"viewportRect":{"left":0,"top":151,"width":1344,"height":2841},"deviceApiLevel":34,"platformVersion":"14","deviceManufacturer":"Google","deviceModel":"sdk_gphone64_x86_64","deviceScreenSize":"1344x2992","deviceScreenDensity":480},"sessionId":"4ff0fc0d-992b-406b-b100-bc14c34a8026"}} | headers=HTTPHeaderDict({'X-Powered-By': 'Express', 'Vary': 'X-HTTP-Method-Override', 'Content-Type': 'application/json; charset=utf-8', 'Content-Length': '1314', 'ETag': 'W/"522-NA3npqiwc8e+UQyz1sbaUhqcaMY"', 'Date': 'Mon, 19 Aug 2024 11:25:04 GMT', 'Connection': 'keep-alive', 'Keep-Alive': 'timeout=600'})</msg>
<msg time="2024-08-19T18:25:04.859581" level="DEBUG">Finished Request</msg>
<msg time="2024-08-19T18:25:04.864031" level="DEBUG">Opened application with session id 4ff0fc0d-992b-406b-b100-bc14c34a8026</msg>
<msg time="2024-08-19T18:25:04.864152" level="TRACE">Return: 1</msg>
<arg>http://localhost:4723</arg>
<arg>platformName=${PLATFORM_NAME}</arg>
<arg>deviceName=${DEVICE_NAME}</arg>
<arg>app=${APP_PATH}</arg>
<arg>appPackage=${APP_PACKAGE}</arg>
<arg>appActivity=${APP_ACTIVITY}</arg>
<arg>automationName=${AUTOMATION_NAME}</arg>
<arg>autoGrantPermissions=${GRANT_PERMISSION}</arg>
<arg>newCommandTimeout=${TIMEOUT}</arg>
<doc>Opens a new application to given Appium server.
Capabilities of appium server, Android and iOS,
Please check https://appium.io/docs/en/2.1/cli/args/
| *Option*            | *Man.* | *Description*     |
| remote_url          | Yes    | Appium server url |
| alias               | no     | alias             |
| strict_ssl          | No     | allows you to send commands to an invalid certificate host like a self-signed one. |</doc>
<status status="PASS" start="2024-08-19T18:24:50.701849" elapsed="14.162416"/>
</kw>
<kw name="Wait Until Element Is Visible" owner="AppiumLibrary">
<msg time="2024-08-19T18:25:04.864985" level="TRACE">Arguments: [ "//android.widget.Button[@text='OK']" | '5 seconds' ]</msg>
<msg time="2024-08-19T18:25:04.865340" level="DEBUG">POST http://localhost:4723/session/4ff0fc0d-992b-406b-b100-bc14c34a8026/elements {"using": "xpath", "value": "//android.widget.Button[@text='OK']"}</msg>
<msg time="2024-08-19T18:25:07.009821" level="DEBUG">http://localhost:4723 "POST /session/4ff0fc0d-992b-406b-b100-bc14c34a8026/elements HTTP/11" 200 0</msg>
<msg time="2024-08-19T18:25:07.010062" level="DEBUG">Remote response: status=200 | data={"value":[{"element-6066-11e4-a52e-4f735466cecf":"00000000-0000-0568-ffff-ffff00000798","ELEMENT":"00000000-0000-0568-ffff-ffff00000798"}]} | headers=HTTPHeaderDict({'X-Powered-By': 'Express', 'Vary': 'X-HTTP-Method-Override', 'Content-Type': 'application/json; charset=utf-8', 'Content-Length': '139', 'ETag': 'W/"8b-YpSmxUDN/ZbRtz4K/MmJfxMcOkw"', 'Date': 'Mon, 19 Aug 2024 11:25:07 GMT', 'Connection': 'keep-alive', 'Keep-Alive': 'timeout=600'})</msg>
<msg time="2024-08-19T18:25:07.010268" level="DEBUG">Finished Request</msg>
<msg time="2024-08-19T18:25:07.010592" level="DEBUG">GET http://localhost:4723/session/4ff0fc0d-992b-406b-b100-bc14c34a8026/element/00000000-0000-0568-ffff-ffff00000798/displayed {}</msg>
<msg time="2024-08-19T18:25:07.039452" level="DEBUG">http://localhost:4723 "GET /session/4ff0fc0d-992b-406b-b100-bc14c34a8026/element/00000000-0000-0568-ffff-ffff00000798/displayed HTTP/11" 200 0</msg>
<msg time="2024-08-19T18:25:07.039645" level="DEBUG">Remote response: status=200 | data={"value":true} | headers=HTTPHeaderDict({'X-Powered-By': 'Express', 'Content-Type': 'application/json; charset=utf-8', 'Content-Length': '14', 'ETag': 'W/"e-2ZHvAWebNQpyjGZTg6uyV8/spTo"', 'Date': 'Mon, 19 Aug 2024 11:25:07 GMT', 'Connection': 'keep-alive', 'Keep-Alive': 'timeout=600'})</msg>
<msg time="2024-08-19T18:25:07.039789" level="DEBUG">Finished Request</msg>
<msg time="2024-08-19T18:25:07.039910" level="INFO">xpath criteria: //android.widget.Button[@text='OK']</msg>
<msg time="2024-08-19T18:25:07.039975" level="TRACE">Return: None</msg>
<arg>${AUTO_CLOSE_PROMPT}</arg>
<arg>5 seconds</arg>
<doc>Waits until element specified with `locator` is visible.</doc>
<status status="PASS" start="2024-08-19T18:25:04.864695" elapsed="2.175350"/>
</kw>
<kw name="Click Element" owner="AppiumLibrary">
<msg time="2024-08-19T18:25:07.040416" level="TRACE">Arguments: [ "//android.widget.Button[@text='OK']" ]</msg>
<msg time="2024-08-19T18:25:07.042951" level="INFO">Clicking element '//android.widget.Button[@text='OK']'.</msg>
<msg time="2024-08-19T18:25:07.043094" level="DEBUG">POST http://localhost:4723/session/4ff0fc0d-992b-406b-b100-bc14c34a8026/elements {"using": "xpath", "value": "//android.widget.Button[@text='OK']"}</msg>
<msg time="2024-08-19T18:25:07.114453" level="DEBUG">http://localhost:4723 "POST /session/4ff0fc0d-992b-406b-b100-bc14c34a8026/elements HTTP/11" 200 0</msg>
<msg time="2024-08-19T18:25:07.114716" level="DEBUG">Remote response: status=200 | data={"value":[{"element-6066-11e4-a52e-4f735466cecf":"00000000-0000-0568-ffff-ffff00000798","ELEMENT":"00000000-0000-0568-ffff-ffff00000798"}]} | headers=HTTPHeaderDict({'X-Powered-By': 'Express', 'Vary': 'X-HTTP-Method-Override', 'Content-Type': 'application/json; charset=utf-8', 'Content-Length': '139', 'ETag': 'W/"8b-YpSmxUDN/ZbRtz4K/MmJfxMcOkw"', 'Date': 'Mon, 19 Aug 2024 11:25:07 GMT', 'Connection': 'keep-alive', 'Keep-Alive': 'timeout=600'})</msg>
<msg time="2024-08-19T18:25:07.115486" level="DEBUG">Finished Request</msg>
<msg time="2024-08-19T18:25:07.115687" level="DEBUG">POST http://localhost:4723/session/4ff0fc0d-992b-406b-b100-bc14c34a8026/element/00000000-0000-0568-ffff-ffff00000798/click {}</msg>
<msg time="2024-08-19T18:25:07.264400" level="DEBUG">http://localhost:4723 "POST /session/4ff0fc0d-992b-406b-b100-bc14c34a8026/element/00000000-0000-0568-ffff-ffff00000798/click HTTP/11" 200 0</msg>
<msg time="2024-08-19T18:25:07.264593" level="DEBUG">Remote response: status=200 | data={"value":null} | headers=HTTPHeaderDict({'X-Powered-By': 'Express', 'Vary': 'X-HTTP-Method-Override', 'Content-Type': 'application/json; charset=utf-8', 'Content-Length': '14', 'ETag': 'W/"e-9/1BuKMgFObM1mWJm+YjxtXJnUM"', 'Date': 'Mon, 19 Aug 2024 11:25:07 GMT', 'Connection': 'keep-alive', 'Keep-Alive': 'timeout=600'})</msg>
<msg time="2024-08-19T18:25:07.264707" level="DEBUG">Finished Request</msg>
<msg time="2024-08-19T18:25:07.264825" level="INFO">xpath criteria: //android.widget.Button[@text='OK']</msg>
<msg time="2024-08-19T18:25:07.264883" level="TRACE">Return: None</msg>
<arg>${AUTO_CLOSE_PROMPT}</arg>
<doc>Click element identified by `locator`.</doc>
<status status="PASS" start="2024-08-19T18:25:07.040274" elapsed="0.224661"/>
</kw>
<msg time="2024-08-19T18:25:07.265059" level="TRACE">Return: None</msg>
<status status="PASS" start="2024-08-19T18:24:50.701181" elapsed="16.563933"/>
</kw>
<kw name="Open register page" owner="android-res">
<msg time="2024-08-19T18:25:07.266707" level="TRACE">Arguments: [  ]</msg>
<kw name="Click Element" owner="AppiumLibrary">
<msg time="2024-08-19T18:25:07.267004" level="TRACE">Arguments: [ 'id=com.loginmodule.learning:id/textViewLinkRegister' ]</msg>
<msg time="2024-08-19T18:25:07.271681" level="INFO">Clicking element 'id=com.loginmodule.learning:id/textViewLinkRegister'.</msg>
<msg time="2024-08-19T18:25:07.271963" level="DEBUG">POST http://localhost:4723/session/4ff0fc0d-992b-406b-b100-bc14c34a8026/elements {"using": "id", "value": "com.loginmodule.learning:id/textViewLinkRegister"}</msg>
<msg time="2024-08-19T18:25:07.774323" level="DEBUG">http://localhost:4723 "POST /session/4ff0fc0d-992b-406b-b100-bc14c34a8026/elements HTTP/11" 200 0</msg>
<msg time="2024-08-19T18:25:07.774593" level="DEBUG">Remote response: status=200 | data={"value":[{"element-6066-11e4-a52e-4f735466cecf":"00000000-0000-0569-ffff-ffff0000000d","ELEMENT":"00000000-0000-0569-ffff-ffff0000000d"}]} | headers=HTTPHeaderDict({'X-Powered-By': 'Express', 'Vary': 'X-HTTP-Method-Override', 'Content-Type': 'application/json; charset=utf-8', 'Content-Length': '139', 'ETag': 'W/"8b-b8HVibV3S8zCzdST//WZuVXz2lM"', 'Date': 'Mon, 19 Aug 2024 11:25:07 GMT', 'Connection': 'keep-alive', 'Keep-Alive': 'timeout=600'})</msg>
<msg time="2024-08-19T18:25:07.774727" level="DEBUG">Finished Request</msg>
<msg time="2024-08-19T18:25:07.774925" level="DEBUG">POST http://localhost:4723/session/4ff0fc0d-992b-406b-b100-bc14c34a8026/element/00000000-0000-0569-ffff-ffff0000000d/click {}</msg>
<msg time="2024-08-19T18:25:08.199320" level="DEBUG">http://localhost:4723 "POST /session/4ff0fc0d-992b-406b-b100-bc14c34a8026/element/00000000-0000-0569-ffff-ffff0000000d/click HTTP/11" 200 0</msg>
<msg time="2024-08-19T18:25:08.200098" level="DEBUG">Remote response: status=200 | data={"value":null} | headers=HTTPHeaderDict({'X-Powered-By': 'Express', 'Vary': 'X-HTTP-Method-Override', 'Content-Type': 'application/json; charset=utf-8', 'Content-Length': '14', 'ETag': 'W/"e-9/1BuKMgFObM1mWJm+YjxtXJnUM"', 'Date': 'Mon, 19 Aug 2024 11:25:08 GMT', 'Connection': 'keep-alive', 'Keep-Alive': 'timeout=600'})</msg>
<msg time="2024-08-19T18:25:08.201155" level="DEBUG">Finished Request</msg>
<msg time="2024-08-19T18:25:08.201340" level="INFO">criteria is com.loginmodule.learning:id/textViewLinkRegister</msg>
<msg time="2024-08-19T18:25:08.201413" level="TRACE">Return: None</msg>
<arg>${BUTTON_REGISTER}</arg>
<doc>Click element identified by `locator`.</doc>
<status status="PASS" start="2024-08-19T18:25:07.266873" elapsed="0.934632"/>
</kw>
<kw name="Sleep" owner="BuiltIn">
<msg time="2024-08-19T18:25:08.201912" level="TRACE">Arguments: [ '3s' ]</msg>
<msg time="2024-08-19T18:25:11.202665" level="INFO">Slept 3 seconds.</msg>
<msg time="2024-08-19T18:25:11.202901" level="TRACE">Return: None</msg>
<arg>3s</arg>
<doc>Pauses the test executed for the given time.</doc>
<status status="PASS" start="2024-08-19T18:25:08.201785" elapsed="3.001276"/>
</kw>
<msg time="2024-08-19T18:25:11.203315" level="TRACE">Return: None</msg>
<status status="PASS" start="2024-08-19T18:25:07.266449" elapsed="3.936989"/>
</kw>
<kw name="Input Full Name" owner="android-res">
<msg time="2024-08-19T18:25:11.206105" level="TRACE">Arguments: [ ${NAME}='irfan test' ]</msg>
<kw name="Input Text" owner="AppiumLibrary">
<msg time="2024-08-19T18:25:11.207062" level="TRACE">Arguments: [ 'id=com.loginmodule.learning:id/textInputEditTextName' | 'irfan test' ]</msg>
<msg time="2024-08-19T18:25:11.215465" level="INFO">Typing text 'irfan test' into text field 'id=com.loginmodule.learning:id/textInputEditTextName'</msg>
<msg time="2024-08-19T18:25:11.215919" level="DEBUG">POST http://localhost:4723/session/4ff0fc0d-992b-406b-b100-bc14c34a8026/elements {"using": "id", "value": "com.loginmodule.learning:id/textInputEditTextName"}</msg>
<msg time="2024-08-19T18:25:11.336284" level="DEBUG">http://localhost:4723 "POST /session/4ff0fc0d-992b-406b-b100-bc14c34a8026/elements HTTP/11" 200 0</msg>
<msg time="2024-08-19T18:25:11.336917" level="DEBUG">Remote response: status=200 | data={"value":[{"element-6066-11e4-a52e-4f735466cecf":"00000000-0000-056a-ffff-ffff0000001c","ELEMENT":"00000000-0000-056a-ffff-ffff0000001c"}]} | headers=HTTPHeaderDict({'X-Powered-By': 'Express', 'Vary': 'X-HTTP-Method-Override', 'Content-Type': 'application/json; charset=utf-8', 'Content-Length': '139', 'ETag': 'W/"8b-GJBA7Scu7LqB2tUc5fHjPDb9wdc"', 'Date': 'Mon, 19 Aug 2024 11:25:11 GMT', 'Connection': 'keep-alive', 'Keep-Alive': 'timeout=600'})</msg>
<msg time="2024-08-19T18:25:11.337300" level="DEBUG">Finished Request</msg>
<msg time="2024-08-19T18:25:11.337505" level="DEBUG">POST http://localhost:4723/session/4ff0fc0d-992b-406b-b100-bc14c34a8026/element/00000000-0000-056a-ffff-ffff0000001c/value {"text": "irfan test", "value": ["i", "r", "f", "a", "n", " ", "t", "e", "s", "t"]}</msg>
<msg time="2024-08-19T18:25:11.420936" level="DEBUG">http://localhost:4723 "POST /session/4ff0fc0d-992b-406b-b100-bc14c34a8026/element/00000000-0000-056a-ffff-ffff0000001c/value HTTP/11" 200 0</msg>
<msg time="2024-08-19T18:25:11.421238" level="DEBUG">Remote response: status=200 | data={"value":null} | headers=HTTPHeaderDict({'X-Powered-By': 'Express', 'Vary': 'X-HTTP-Method-Override', 'Content-Type': 'application/json; charset=utf-8', 'Content-Length': '14', 'ETag': 'W/"e-9/1BuKMgFObM1mWJm+YjxtXJnUM"', 'Date': 'Mon, 19 Aug 2024 11:25:11 GMT', 'Connection': 'keep-alive', 'Keep-Alive': 'timeout=600'})</msg>
<msg time="2024-08-19T18:25:11.421424" level="DEBUG">Finished Request</msg>
<msg time="2024-08-19T18:25:11.421613" level="INFO">criteria is com.loginmodule.learning:id/textInputEditTextName</msg>
<msg time="2024-08-19T18:25:11.421692" level="TRACE">Return: None</msg>
<arg>${USER_NAME}</arg>
<arg>${NAME}</arg>
<doc>Types the given `text` into text field identified by `locator`.</doc>
<status status="PASS" start="2024-08-19T18:25:11.206644" elapsed="0.215160"/>
</kw>
<kw name="Hide Keyboard" owner="AppiumLibrary">
<msg time="2024-08-19T18:25:11.422815" level="TRACE">Arguments: [ 'id=com.loginmodule.learning:id/textInputEditTextName' ]</msg>
<msg time="2024-08-19T18:25:11.423198" level="DEBUG">POST http://localhost:4723/session/4ff0fc0d-992b-406b-b100-bc14c34a8026/execute/sync {"script": "mobile: hideKeyboard", "args": [{"keys": ["id=com.loginmodule.learning:id/textInputEditTextName"]}]}</msg>
<msg time="2024-08-19T18:25:12.017819" level="DEBUG">http://localhost:4723 "POST /session/4ff0fc0d-992b-406b-b100-bc14c34a8026/execute/sync HTTP/11" 200 0</msg>
<msg time="2024-08-19T18:25:12.017970" level="DEBUG">Remote response: status=200 | data={"value":false} | headers=HTTPHeaderDict({'X-Powered-By': 'Express', 'Vary': 'X-HTTP-Method-Override', 'Content-Type': 'application/json; charset=utf-8', 'Content-Length': '15', 'ETag': 'W/"f-wDOCiKvTD3LNZdrYODNEjzRfePo"', 'Date': 'Mon, 19 Aug 2024 11:25:12 GMT', 'Connection': 'keep-alive', 'Keep-Alive': 'timeout=600'})</msg>
<msg time="2024-08-19T18:25:12.018178" level="DEBUG">Finished Request</msg>
<msg time="2024-08-19T18:25:12.018279" level="TRACE">Return: None</msg>
<arg>${USER_NAME}</arg>
<doc>Hides the software keyboard on the device. (optional) In iOS, use `key_name` to press
a particular key, ex. `Done`. In Android, no parameters are used.</doc>
<status status="PASS" start="2024-08-19T18:25:11.422476" elapsed="0.595855"/>
</kw>
<msg time="2024-08-19T18:25:12.018419" level="TRACE">Return: None</msg>
<arg>${DATANAME}</arg>
<status status="PASS" start="2024-08-19T18:25:11.205370" elapsed="0.813084"/>
</kw>
<kw name="Input Email" owner="android-res">
<msg time="2024-08-19T18:25:12.019880" level="TRACE">Arguments: [ ${EMAIL}='ikirfan60@gmail.com' ]</msg>
<kw name="Input Text" owner="AppiumLibrary">
<msg time="2024-08-19T18:25:12.020175" level="TRACE">Arguments: [ 'id=com.loginmodule.learning:id/textInputEditTextEmail' | 'ikirfan60@gmail.com' ]</msg>
<msg time="2024-08-19T18:25:12.022301" level="INFO">Typing text 'ikirfan60@gmail.com' into text field 'id=com.loginmodule.learning:id/textInputEditTextEmail'</msg>
<msg time="2024-08-19T18:25:12.022454" level="DEBUG">POST http://localhost:4723/session/4ff0fc0d-992b-406b-b100-bc14c34a8026/elements {"using": "id", "value": "com.loginmodule.learning:id/textInputEditTextEmail"}</msg>
<msg time="2024-08-19T18:25:12.085695" level="DEBUG">http://localhost:4723 "POST /session/4ff0fc0d-992b-406b-b100-bc14c34a8026/elements HTTP/11" 200 0</msg>
<msg time="2024-08-19T18:25:12.085984" level="DEBUG">Remote response: status=200 | data={"value":[{"element-6066-11e4-a52e-4f735466cecf":"00000000-0000-056a-ffff-ffff0000001e","ELEMENT":"00000000-0000-056a-ffff-ffff0000001e"}]} | headers=HTTPHeaderDict({'X-Powered-By': 'Express', 'Vary': 'X-HTTP-Method-Override', 'Content-Type': 'application/json; charset=utf-8', 'Content-Length': '139', 'ETag': 'W/"8b-3PErGy07NNy/s78p8PI1+1QjWSA"', 'Date': 'Mon, 19 Aug 2024 11:25:12 GMT', 'Connection': 'keep-alive', 'Keep-Alive': 'timeout=600'})</msg>
<msg time="2024-08-19T18:25:12.086126" level="DEBUG">Finished Request</msg>
<msg time="2024-08-19T18:25:12.086299" level="DEBUG">POST http://localhost:4723/session/4ff0fc0d-992b-406b-b100-bc14c34a8026/element/00000000-0000-056a-ffff-ffff0000001e/value {"text": "ikirfan60@gmail.com", "value": ["i", "k", "i", "r", "f", "a", "n", "6", "0", "@", "g", "m", "a", "i", "l", ".", "c", "o", "m"]}</msg>
<msg time="2024-08-19T18:25:12.222307" level="DEBUG">http://localhost:4723 "POST /session/4ff0fc0d-992b-406b-b100-bc14c34a8026/element/00000000-0000-056a-ffff-ffff0000001e/value HTTP/11" 200 0</msg>
<msg time="2024-08-19T18:25:12.222945" level="DEBUG">Remote response: status=200 | data={"value":null} | headers=HTTPHeaderDict({'X-Powered-By': 'Express', 'Vary': 'X-HTTP-Method-Override', 'Content-Type': 'application/json; charset=utf-8', 'Content-Length': '14', 'ETag': 'W/"e-9/1BuKMgFObM1mWJm+YjxtXJnUM"', 'Date': 'Mon, 19 Aug 2024 11:25:12 GMT', 'Connection': 'keep-alive', 'Keep-Alive': 'timeout=600'})</msg>
<msg time="2024-08-19T18:25:12.223196" level="DEBUG">Finished Request</msg>
<msg time="2024-08-19T18:25:12.223422" level="INFO">criteria is com.loginmodule.learning:id/textInputEditTextEmail</msg>
<msg time="2024-08-19T18:25:12.223494" level="TRACE">Return: None</msg>
<arg>${USER_EMAIL}</arg>
<arg>${EMAIL}</arg>
<doc>Types the given `text` into text field identified by `locator`.</doc>
<status status="PASS" start="2024-08-19T18:25:12.020058" elapsed="0.203516"/>
</kw>
<kw name="Hide Keyboard" owner="AppiumLibrary">
<msg time="2024-08-19T18:25:12.224284" level="TRACE">Arguments: [ 'id=com.loginmodule.learning:id/textInputEditTextEmail' ]</msg>
<msg time="2024-08-19T18:25:12.224637" level="DEBUG">POST http://localhost:4723/session/4ff0fc0d-992b-406b-b100-bc14c34a8026/execute/sync {"script": "mobile: hideKeyboard", "args": [{"keys": ["id=com.loginmodule.learning:id/textInputEditTextEmail"]}]}</msg>
<msg time="2024-08-19T18:25:13.583537" level="DEBUG">http://localhost:4723 "POST /session/4ff0fc0d-992b-406b-b100-bc14c34a8026/execute/sync HTTP/11" 200 0</msg>
<msg time="2024-08-19T18:25:13.584291" level="DEBUG">Remote response: status=200 | data={"value":false} | headers=HTTPHeaderDict({'X-Powered-By': 'Express', 'Vary': 'X-HTTP-Method-Override', 'Content-Type': 'application/json; charset=utf-8', 'Content-Length': '15', 'ETag': 'W/"f-wDOCiKvTD3LNZdrYODNEjzRfePo"', 'Date': 'Mon, 19 Aug 2024 11:25:13 GMT', 'Connection': 'keep-alive', 'Keep-Alive': 'timeout=600'})</msg>
<msg time="2024-08-19T18:25:13.584667" level="DEBUG">Finished Request</msg>
<msg time="2024-08-19T18:25:13.584875" level="TRACE">Return: None</msg>
<arg>${USER_EMAIL}</arg>
<doc>Hides the software keyboard on the device. (optional) In iOS, use `key_name` to press
a particular key, ex. `Done`. In Android, no parameters are used.</doc>
<status status="PASS" start="2024-08-19T18:25:12.223914" elapsed="1.361115"/>
</kw>
<msg time="2024-08-19T18:25:13.585256" level="TRACE">Return: None</msg>
<arg>${DATAEMAIL}</arg>
<status status="PASS" start="2024-08-19T18:25:12.019619" elapsed="1.565715"/>
</kw>
<kw name="Enter Password" owner="android-res">
<msg time="2024-08-19T18:25:13.586577" level="TRACE">Arguments: [ ${PASSWORD}='test12345' ]</msg>
<kw name="Input Text" owner="AppiumLibrary">
<msg time="2024-08-19T18:25:13.587042" level="TRACE">Arguments: [ 'id=com.loginmodule.learning:id/textInputEditTextPassword' | 'test12345' ]</msg>
<msg time="2024-08-19T18:25:13.591428" level="INFO">Typing text 'test12345' into text field 'id=com.loginmodule.learning:id/textInputEditTextPassword'</msg>
<msg time="2024-08-19T18:25:13.591674" level="DEBUG">POST http://localhost:4723/session/4ff0fc0d-992b-406b-b100-bc14c34a8026/elements {"using": "id", "value": "com.loginmodule.learning:id/textInputEditTextPassword"}</msg>
<msg time="2024-08-19T18:25:13.693510" level="DEBUG">http://localhost:4723 "POST /session/4ff0fc0d-992b-406b-b100-bc14c34a8026/elements HTTP/11" 200 0</msg>
<msg time="2024-08-19T18:25:13.693806" level="DEBUG">Remote response: status=200 | data={"value":[{"element-6066-11e4-a52e-4f735466cecf":"00000000-0000-056a-ffff-ffff00000020","ELEMENT":"00000000-0000-056a-ffff-ffff00000020"}]} | headers=HTTPHeaderDict({'X-Powered-By': 'Express', 'Vary': 'X-HTTP-Method-Override', 'Content-Type': 'application/json; charset=utf-8', 'Content-Length': '139', 'ETag': 'W/"8b-D5C/y5Gj+7PdhHU5iFQjLwyIS6M"', 'Date': 'Mon, 19 Aug 2024 11:25:13 GMT', 'Connection': 'keep-alive', 'Keep-Alive': 'timeout=600'})</msg>
<msg time="2024-08-19T18:25:13.694044" level="DEBUG">Finished Request</msg>
<msg time="2024-08-19T18:25:13.694655" level="DEBUG">POST http://localhost:4723/session/4ff0fc0d-992b-406b-b100-bc14c34a8026/element/00000000-0000-056a-ffff-ffff00000020/value {"text": "test12345", "value": ["t", "e", "s", "t", "1", "2", "3", "4", "5"]}</msg>
<msg time="2024-08-19T18:25:13.787668" level="DEBUG">http://localhost:4723 "POST /session/4ff0fc0d-992b-406b-b100-bc14c34a8026/element/00000000-0000-056a-ffff-ffff00000020/value HTTP/11" 200 0</msg>
<msg time="2024-08-19T18:25:13.788095" level="DEBUG">Remote response: status=200 | data={"value":null} | headers=HTTPHeaderDict({'X-Powered-By': 'Express', 'Vary': 'X-HTTP-Method-Override', 'Content-Type': 'application/json; charset=utf-8', 'Content-Length': '14', 'ETag': 'W/"e-9/1BuKMgFObM1mWJm+YjxtXJnUM"', 'Date': 'Mon, 19 Aug 2024 11:25:13 GMT', 'Connection': 'keep-alive', 'Keep-Alive': 'timeout=600'})</msg>
<msg time="2024-08-19T18:25:13.788283" level="DEBUG">Finished Request</msg>
<msg time="2024-08-19T18:25:13.788415" level="INFO">criteria is com.loginmodule.learning:id/textInputEditTextPassword</msg>
<msg time="2024-08-19T18:25:13.788494" level="TRACE">Return: None</msg>
<arg>${PASSWORDS}</arg>
<arg>${PASSWORD}</arg>
<doc>Types the given `text` into text field identified by `locator`.</doc>
<status status="PASS" start="2024-08-19T18:25:13.586846" elapsed="0.201797"/>
</kw>
<kw name="Hide Keyboard" owner="AppiumLibrary">
<msg time="2024-08-19T18:25:13.789647" level="TRACE">Arguments: [ 'id=com.loginmodule.learning:id/textInputEditTextPassword' ]</msg>
<msg time="2024-08-19T18:25:13.789973" level="DEBUG">POST http://localhost:4723/session/4ff0fc0d-992b-406b-b100-bc14c34a8026/execute/sync {"script": "mobile: hideKeyboard", "args": [{"keys": ["id=com.loginmodule.learning:id/textInputEditTextPassword"]}]}</msg>
<msg time="2024-08-19T18:25:14.889405" level="DEBUG">http://localhost:4723 "POST /session/4ff0fc0d-992b-406b-b100-bc14c34a8026/execute/sync HTTP/11" 200 0</msg>
<msg time="2024-08-19T18:25:14.889665" level="DEBUG">Remote response: status=200 | data={"value":false} | headers=HTTPHeaderDict({'X-Powered-By': 'Express', 'Vary': 'X-HTTP-Method-Override', 'Content-Type': 'application/json; charset=utf-8', 'Content-Length': '15', 'ETag': 'W/"f-wDOCiKvTD3LNZdrYODNEjzRfePo"', 'Date': 'Mon, 19 Aug 2024 11:25:14 GMT', 'Connection': 'keep-alive', 'Keep-Alive': 'timeout=600'})</msg>
<msg time="2024-08-19T18:25:14.889808" level="DEBUG">Finished Request</msg>
<msg time="2024-08-19T18:25:14.889914" level="TRACE">Return: None</msg>
<arg>${PASSWORDS}</arg>
<doc>Hides the software keyboard on the device. (optional) In iOS, use `key_name` to press
a particular key, ex. `Done`. In Android, no parameters are used.</doc>
<status status="PASS" start="2024-08-19T18:25:13.789304" elapsed="1.100678"/>
</kw>
<msg time="2024-08-19T18:25:14.890283" level="TRACE">Return: None</msg>
<arg>${DATAPASSWORD}</arg>
<status status="PASS" start="2024-08-19T18:25:13.586230" elapsed="1.304297"/>
</kw>
<kw name="Input Reconfirm Password" owner="android-res">
<msg time="2024-08-19T18:25:14.892176" level="TRACE">Arguments: [ ${REINPUTPASS}='test12345' ]</msg>
<kw name="Input Text" owner="AppiumLibrary">
<msg time="2024-08-19T18:25:14.892896" level="TRACE">Arguments: [ 'id=com.loginmodule.learning:id/textInputEditTextConfirmPassword' | 'test12345' ]</msg>
<msg time="2024-08-19T18:25:14.896603" level="INFO">Typing text 'test12345' into text field 'id=com.loginmodule.learning:id/textInputEditTextConfirmPassword'</msg>
<msg time="2024-08-19T18:25:14.896820" level="DEBUG">POST http://localhost:4723/session/4ff0fc0d-992b-406b-b100-bc14c34a8026/elements {"using": "id", "value": "com.loginmodule.learning:id/textInputEditTextConfirmPassword"}</msg>
<msg time="2024-08-19T18:25:14.996311" level="DEBUG">http://localhost:4723 "POST /session/4ff0fc0d-992b-406b-b100-bc14c34a8026/elements HTTP/11" 200 0</msg>
<msg time="2024-08-19T18:25:14.997108" level="DEBUG">Remote response: status=200 | data={"value":[{"element-6066-11e4-a52e-4f735466cecf":"00000000-0000-056a-ffff-ffff00000022","ELEMENT":"00000000-0000-056a-ffff-ffff00000022"}]} | headers=HTTPHeaderDict({'X-Powered-By': 'Express', 'Vary': 'X-HTTP-Method-Override', 'Content-Type': 'application/json; charset=utf-8', 'Content-Length': '139', 'ETag': 'W/"8b-wh5F0soLWJgWEnZQnAh4c4ByZ+U"', 'Date': 'Mon, 19 Aug 2024 11:25:14 GMT', 'Connection': 'keep-alive', 'Keep-Alive': 'timeout=600'})</msg>
<msg time="2024-08-19T18:25:14.998004" level="DEBUG">Finished Request</msg>
<msg time="2024-08-19T18:25:14.998375" level="DEBUG">POST http://localhost:4723/session/4ff0fc0d-992b-406b-b100-bc14c34a8026/element/00000000-0000-056a-ffff-ffff00000022/value {"text": "test12345", "value": ["t", "e", "s", "t", "1", "2", "3", "4", "5"]}</msg>
<msg time="2024-08-19T18:25:15.105413" level="DEBUG">http://localhost:4723 "POST /session/4ff0fc0d-992b-406b-b100-bc14c34a8026/element/00000000-0000-056a-ffff-ffff00000022/value HTTP/11" 200 0</msg>
<msg time="2024-08-19T18:25:15.105931" level="DEBUG">Remote response: status=200 | data={"value":null} | headers=HTTPHeaderDict({'X-Powered-By': 'Express', 'Vary': 'X-HTTP-Method-Override', 'Content-Type': 'application/json; charset=utf-8', 'Content-Length': '14', 'ETag': 'W/"e-9/1BuKMgFObM1mWJm+YjxtXJnUM"', 'Date': 'Mon, 19 Aug 2024 11:25:15 GMT', 'Connection': 'keep-alive', 'Keep-Alive': 'timeout=600'})</msg>
<msg time="2024-08-19T18:25:15.106404" level="DEBUG">Finished Request</msg>
<msg time="2024-08-19T18:25:15.106695" level="INFO">criteria is com.loginmodule.learning:id/textInputEditTextConfirmPassword</msg>
<msg time="2024-08-19T18:25:15.106827" level="TRACE">Return: None</msg>
<arg>${REINPUTPASSWORD}</arg>
<arg>${REINPUTPASS}</arg>
<doc>Types the given `text` into text field identified by `locator`.</doc>
<status status="PASS" start="2024-08-19T18:25:14.892594" elapsed="0.214363"/>
</kw>
<kw name="Hide Keyboard" owner="AppiumLibrary">
<msg time="2024-08-19T18:25:15.107521" level="TRACE">Arguments: [  ]</msg>
<msg time="2024-08-19T18:25:15.107846" level="DEBUG">POST http://localhost:4723/session/4ff0fc0d-992b-406b-b100-bc14c34a8026/execute/sync {"script": "mobile: hideKeyboard", "args": [{}]}</msg>
<msg time="2024-08-19T18:25:16.148381" level="DEBUG">http://localhost:4723 "POST /session/4ff0fc0d-992b-406b-b100-bc14c34a8026/execute/sync HTTP/11" 200 0</msg>
<msg time="2024-08-19T18:25:16.148916" level="DEBUG">Remote response: status=200 | data={"value":false} | headers=HTTPHeaderDict({'X-Powered-By': 'Express', 'Vary': 'X-HTTP-Method-Override', 'Content-Type': 'application/json; charset=utf-8', 'Content-Length': '15', 'ETag': 'W/"f-wDOCiKvTD3LNZdrYODNEjzRfePo"', 'Date': 'Mon, 19 Aug 2024 11:25:16 GMT', 'Connection': 'keep-alive', 'Keep-Alive': 'timeout=600'})</msg>
<msg time="2024-08-19T18:25:16.149429" level="DEBUG">Finished Request</msg>
<msg time="2024-08-19T18:25:16.149617" level="TRACE">Return: None</msg>
<doc>Hides the software keyboard on the device. (optional) In iOS, use `key_name` to press
a particular key, ex. `Done`. In Android, no parameters are used.</doc>
<status status="PASS" start="2024-08-19T18:25:15.107356" elapsed="1.042434"/>
</kw>
<msg time="2024-08-19T18:25:16.149914" level="TRACE">Return: None</msg>
<arg>${DATARECONFIRMPASSWORD}</arg>
<status status="PASS" start="2024-08-19T18:25:14.891604" elapsed="1.258375"/>
</kw>
<kw name="Submit register button" owner="android-res">
<msg time="2024-08-19T18:25:16.151098" level="TRACE">Arguments: [  ]</msg>
<kw name="Click Element" owner="AppiumLibrary">
<msg time="2024-08-19T18:25:16.151438" level="TRACE">Arguments: [ 'id=com.loginmodule.learning:id/appCompatButtonRegister' ]</msg>
<msg time="2024-08-19T18:25:16.155157" level="INFO">Clicking element 'id=com.loginmodule.learning:id/appCompatButtonRegister'.</msg>
<msg time="2024-08-19T18:25:16.155369" level="DEBUG">POST http://localhost:4723/session/4ff0fc0d-992b-406b-b100-bc14c34a8026/elements {"using": "id", "value": "com.loginmodule.learning:id/appCompatButtonRegister"}</msg>
<msg time="2024-08-19T18:25:16.255829" level="DEBUG">http://localhost:4723 "POST /session/4ff0fc0d-992b-406b-b100-bc14c34a8026/elements HTTP/11" 200 0</msg>
<msg time="2024-08-19T18:25:16.256078" level="DEBUG">Remote response: status=200 | data={"value":[{"element-6066-11e4-a52e-4f735466cecf":"00000000-0000-056a-ffff-ffff00000023","ELEMENT":"00000000-0000-056a-ffff-ffff00000023"}]} | headers=HTTPHeaderDict({'X-Powered-By': 'Express', 'Vary': 'X-HTTP-Method-Override', 'Content-Type': 'application/json; charset=utf-8', 'Content-Length': '139', 'ETag': 'W/"8b-HZhCJRL1O04MmAmAOCKoTsjqvAU"', 'Date': 'Mon, 19 Aug 2024 11:25:16 GMT', 'Connection': 'keep-alive', 'Keep-Alive': 'timeout=600'})</msg>
<msg time="2024-08-19T18:25:16.256270" level="DEBUG">Finished Request</msg>
<msg time="2024-08-19T18:25:16.256460" level="DEBUG">POST http://localhost:4723/session/4ff0fc0d-992b-406b-b100-bc14c34a8026/element/00000000-0000-056a-ffff-ffff00000023/click {}</msg>
<msg time="2024-08-19T18:25:16.530320" level="DEBUG">http://localhost:4723 "POST /session/4ff0fc0d-992b-406b-b100-bc14c34a8026/element/00000000-0000-056a-ffff-ffff00000023/click HTTP/11" 200 0</msg>
<msg time="2024-08-19T18:25:16.531227" level="DEBUG">Remote response: status=200 | data={"value":null} | headers=HTTPHeaderDict({'X-Powered-By': 'Express', 'Vary': 'X-HTTP-Method-Override', 'Content-Type': 'application/json; charset=utf-8', 'Content-Length': '14', 'ETag': 'W/"e-9/1BuKMgFObM1mWJm+YjxtXJnUM"', 'Date': 'Mon, 19 Aug 2024 11:25:16 GMT', 'Connection': 'keep-alive', 'Keep-Alive': 'timeout=600'})</msg>
<msg time="2024-08-19T18:25:16.531907" level="DEBUG">Finished Request</msg>
<msg time="2024-08-19T18:25:16.532135" level="INFO">criteria is com.loginmodule.learning:id/appCompatButtonRegister</msg>
<msg time="2024-08-19T18:25:16.532233" level="TRACE">Return: None</msg>
<arg>${SUBMIT_DATA_REGISTER}</arg>
<doc>Click element identified by `locator`.</doc>
<status status="PASS" start="2024-08-19T18:25:16.151284" elapsed="0.381057"/>
</kw>
<msg time="2024-08-19T18:25:16.532531" level="TRACE">Return: None</msg>
<status status="PASS" start="2024-08-19T18:25:16.150835" elapsed="0.381794"/>
</kw>
<kw name="Success Registered" owner="android-res">
<msg time="2024-08-19T18:25:16.534249" level="TRACE">Arguments: [  ]</msg>
<kw name="Sleep" owner="BuiltIn">
<msg time="2024-08-19T18:25:16.534810" level="TRACE">Arguments: [ '2s' ]</msg>
<msg time="2024-08-19T18:25:18.535268" level="INFO">Slept 2 seconds.</msg>
<msg time="2024-08-19T18:25:18.535363" level="TRACE">Return: None</msg>
<arg>2s</arg>
<doc>Pauses the test executed for the given time.</doc>
<status status="PASS" start="2024-08-19T18:25:16.534628" elapsed="2.000780"/>
</kw>
<kw name="Get Text" owner="AppiumLibrary">
<msg time="2024-08-19T18:25:18.535712" level="TRACE">Arguments: [ 'id=com.loginmodule.learning:id/snackbar_text' ]</msg>
<msg time="2024-08-19T18:25:18.535895" level="DEBUG">POST http://localhost:4723/session/4ff0fc0d-992b-406b-b100-bc14c34a8026/elements {"using": "id", "value": "com.loginmodule.learning:id/snackbar_text"}</msg>
<msg time="2024-08-19T18:25:18.600558" level="DEBUG">http://localhost:4723 "POST /session/4ff0fc0d-992b-406b-b100-bc14c34a8026/elements HTTP/11" 200 0</msg>
<msg time="2024-08-19T18:25:18.600699" level="DEBUG">Remote response: status=200 | data={"value":[{"element-6066-11e4-a52e-4f735466cecf":"00000000-0000-056a-ffff-ffff0000002c","ELEMENT":"00000000-0000-056a-ffff-ffff0000002c"}]} | headers=HTTPHeaderDict({'X-Powered-By': 'Express', 'Vary': 'X-HTTP-Method-Override', 'Content-Type': 'application/json; charset=utf-8', 'Content-Length': '139', 'ETag': 'W/"8b-T+vslexW+OzOF1RbiVTQcKFETCY"', 'Date': 'Mon, 19 Aug 2024 11:25:18 GMT', 'Connection': 'keep-alive', 'Keep-Alive': 'timeout=600'})</msg>
<msg time="2024-08-19T18:25:18.600825" level="DEBUG">Finished Request</msg>
<msg time="2024-08-19T18:25:18.600995" level="DEBUG">GET http://localhost:4723/session/4ff0fc0d-992b-406b-b100-bc14c34a8026/element/00000000-0000-056a-ffff-ffff0000002c/text {}</msg>
<msg time="2024-08-19T18:25:18.629476" level="DEBUG">http://localhost:4723 "GET /session/4ff0fc0d-992b-406b-b100-bc14c34a8026/element/00000000-0000-056a-ffff-ffff0000002c/text HTTP/11" 200 0</msg>
<msg time="2024-08-19T18:25:18.629622" level="DEBUG">Remote response: status=200 | data={"sessionId":"4ff0fc0d-992b-406b-b100-bc14c34a8026","value":"Registration Successful"} | headers=HTTPHeaderDict({'X-Powered-By': 'Express', 'Content-Type': 'application/json; charset=utf-8', 'Content-Length': '86', 'ETag': 'W/"56-TuerE1pK1L0eE40lMbr3T2+gsrc"', 'Date': 'Mon, 19 Aug 2024 11:25:18 GMT', 'Connection': 'keep-alive', 'Keep-Alive': 'timeout=600'})</msg>
<msg time="2024-08-19T18:25:18.629723" level="DEBUG">Finished Request</msg>
<msg time="2024-08-19T18:25:18.634271" level="INFO">Element 'id=com.loginmodule.learning:id/snackbar_text' text is 'Registration Successful' </msg>
<msg time="2024-08-19T18:25:18.634359" level="INFO">criteria is com.loginmodule.learning:id/snackbar_text</msg>
<msg time="2024-08-19T18:25:18.634396" level="TRACE">Return: 'Registration Successful'</msg>
<msg time="2024-08-19T18:25:18.634507" level="INFO">${element_text} = Registration Successful</msg>
<var>${element_text}</var>
<arg>${DATASUBMITTED}</arg>
<doc>Get element text (for hybrid and mobile browser use `xpath` locator, others might cause problem)</doc>
<status status="PASS" start="2024-08-19T18:25:18.535576" elapsed="0.098956"/>
</kw>
<kw name="Log" owner="BuiltIn">
<msg time="2024-08-19T18:25:18.634850" level="TRACE">Arguments: [ 'The actual text in the user name field is: Registration Successful' ]</msg>
<msg time="2024-08-19T18:25:18.634918" level="INFO">The actual text in the user name field is: Registration Successful</msg>
<msg time="2024-08-19T18:25:18.634952" level="TRACE">Return: None</msg>
<arg>The actual text in the user name field is: ${element_text}</arg>
<doc>Logs the given message with the given level.</doc>
<status status="PASS" start="2024-08-19T18:25:18.634714" elapsed="0.000302"/>
</kw>
<kw name="Should Be Equal" owner="BuiltIn">
<msg time="2024-08-19T18:25:18.635299" level="TRACE">Arguments: [ 'Registration Successful' | 'Registration Successful' ]</msg>
<msg time="2024-08-19T18:25:18.635374" level="DEBUG">Argument types are:
&lt;class 'str'&gt;
&lt;class 'str'&gt;</msg>
<msg time="2024-08-19T18:25:18.635417" level="TRACE">Return: None</msg>
<arg>${element_text}</arg>
<arg>${SUCESS_REGISTER}</arg>
<doc>Fails if the given objects are unequal.</doc>
<status status="PASS" start="2024-08-19T18:25:18.635160" elapsed="0.000318"/>
</kw>
<msg time="2024-08-19T18:25:18.635603" level="TRACE">Return: None</msg>
<status status="PASS" start="2024-08-19T18:25:16.533754" elapsed="2.101898"/>
</kw>
<kw name="open login page" owner="android-res">
<msg time="2024-08-19T18:25:18.636499" level="TRACE">Arguments: [  ]</msg>
<kw name="Click Element" owner="AppiumLibrary">
<msg time="2024-08-19T18:25:18.636865" level="TRACE">Arguments: [ 'id=com.loginmodule.learning:id/appCompatTextViewLoginLink' ]</msg>
<msg time="2024-08-19T18:25:18.640404" level="INFO">Clicking element 'id=com.loginmodule.learning:id/appCompatTextViewLoginLink'.</msg>
<msg time="2024-08-19T18:25:18.640596" level="DEBUG">POST http://localhost:4723/session/4ff0fc0d-992b-406b-b100-bc14c34a8026/elements {"using": "id", "value": "com.loginmodule.learning:id/appCompatTextViewLoginLink"}</msg>
<msg time="2024-08-19T18:25:18.705793" level="DEBUG">http://localhost:4723 "POST /session/4ff0fc0d-992b-406b-b100-bc14c34a8026/elements HTTP/11" 200 0</msg>
<msg time="2024-08-19T18:25:18.706085" level="DEBUG">Remote response: status=200 | data={"value":[{"element-6066-11e4-a52e-4f735466cecf":"00000000-0000-056a-ffff-ffff00000024","ELEMENT":"00000000-0000-056a-ffff-ffff00000024"}]} | headers=HTTPHeaderDict({'X-Powered-By': 'Express', 'Vary': 'X-HTTP-Method-Override', 'Content-Type': 'application/json; charset=utf-8', 'Content-Length': '139', 'ETag': 'W/"8b-Y+po3D9gVkUzoDWTDOQjyEEBn08"', 'Date': 'Mon, 19 Aug 2024 11:25:18 GMT', 'Connection': 'keep-alive', 'Keep-Alive': 'timeout=600'})</msg>
<msg time="2024-08-19T18:25:18.706299" level="DEBUG">Finished Request</msg>
<msg time="2024-08-19T18:25:18.706516" level="DEBUG">POST http://localhost:4723/session/4ff0fc0d-992b-406b-b100-bc14c34a8026/element/00000000-0000-056a-ffff-ffff00000024/click {}</msg>
<msg time="2024-08-19T18:25:18.845121" level="DEBUG">http://localhost:4723 "POST /session/4ff0fc0d-992b-406b-b100-bc14c34a8026/element/00000000-0000-056a-ffff-ffff00000024/click HTTP/11" 200 0</msg>
<msg time="2024-08-19T18:25:18.845378" level="DEBUG">Remote response: status=200 | data={"value":null} | headers=HTTPHeaderDict({'X-Powered-By': 'Express', 'Vary': 'X-HTTP-Method-Override', 'Content-Type': 'application/json; charset=utf-8', 'Content-Length': '14', 'ETag': 'W/"e-9/1BuKMgFObM1mWJm+YjxtXJnUM"', 'Date': 'Mon, 19 Aug 2024 11:25:18 GMT', 'Connection': 'keep-alive', 'Keep-Alive': 'timeout=600'})</msg>
<msg time="2024-08-19T18:25:18.845580" level="DEBUG">Finished Request</msg>
<msg time="2024-08-19T18:25:18.845834" level="INFO">criteria is com.loginmodule.learning:id/appCompatTextViewLoginLink</msg>
<msg time="2024-08-19T18:25:18.845933" level="TRACE">Return: None</msg>
<arg>${LOGINPAGE}</arg>
<doc>Click element identified by `locator`.</doc>
<status status="PASS" start="2024-08-19T18:25:18.636698" elapsed="0.209351"/>
</kw>
<msg time="2024-08-19T18:25:18.846371" level="TRACE">Return: None</msg>
<status status="PASS" start="2024-08-19T18:25:18.636247" elapsed="0.210410"/>
</kw>
<kw name="Input email login" owner="android-res">
<msg time="2024-08-19T18:25:18.848113" level="TRACE">Arguments: [ ${MAIL_TO_LOGIN}='ikirfan60@gmail.com' ]</msg>
<kw name="Sleep" owner="BuiltIn">
<msg time="2024-08-19T18:25:18.848730" level="TRACE">Arguments: [ '2s' ]</msg>
<msg time="2024-08-19T18:25:20.849304" level="INFO">Slept 2 seconds.</msg>
<msg time="2024-08-19T18:25:20.849409" level="TRACE">Return: None</msg>
<arg>2s</arg>
<doc>Pauses the test executed for the given time.</doc>
<status status="PASS" start="2024-08-19T18:25:18.848559" elapsed="2.000908"/>
</kw>
<kw name="Input Text" owner="AppiumLibrary">
<msg time="2024-08-19T18:25:20.849882" level="TRACE">Arguments: [ 'id=com.loginmodule.learning:id/textInputEditTextEmail' | 'ikirfan60@gmail.com' ]</msg>
<msg time="2024-08-19T18:25:20.852454" level="INFO">Typing text 'ikirfan60@gmail.com' into text field 'id=com.loginmodule.learning:id/textInputEditTextEmail'</msg>
<msg time="2024-08-19T18:25:20.852690" level="DEBUG">POST http://localhost:4723/session/4ff0fc0d-992b-406b-b100-bc14c34a8026/elements {"using": "id", "value": "com.loginmodule.learning:id/textInputEditTextEmail"}</msg>
<msg time="2024-08-19T18:25:20.918325" level="DEBUG">http://localhost:4723 "POST /session/4ff0fc0d-992b-406b-b100-bc14c34a8026/elements HTTP/11" 200 0</msg>
<msg time="2024-08-19T18:25:20.918560" level="DEBUG">Remote response: status=200 | data={"value":[{"element-6066-11e4-a52e-4f735466cecf":"00000000-0000-0569-ffff-ffff00000009","ELEMENT":"00000000-0000-0569-ffff-ffff00000009"}]} | headers=HTTPHeaderDict({'X-Powered-By': 'Express', 'Vary': 'X-HTTP-Method-Override', 'Content-Type': 'application/json; charset=utf-8', 'Content-Length': '139', 'ETag': 'W/"8b-9/2xfCJxvs2kY55xqcM9v2y0Sz8"', 'Date': 'Mon, 19 Aug 2024 11:25:20 GMT', 'Connection': 'keep-alive', 'Keep-Alive': 'timeout=600'})</msg>
<msg time="2024-08-19T18:25:20.918728" level="DEBUG">Finished Request</msg>
<msg time="2024-08-19T18:25:20.918921" level="DEBUG">POST http://localhost:4723/session/4ff0fc0d-992b-406b-b100-bc14c34a8026/element/00000000-0000-0569-ffff-ffff00000009/value {"text": "ikirfan60@gmail.com", "value": ["i", "k", "i", "r", "f", "a", "n", "6", "0", "@", "g", "m", "a", "i", "l", ".", "c", "o", "m"]}</msg>
<msg time="2024-08-19T18:25:20.986254" level="DEBUG">http://localhost:4723 "POST /session/4ff0fc0d-992b-406b-b100-bc14c34a8026/element/00000000-0000-0569-ffff-ffff00000009/value HTTP/11" 200 0</msg>
<msg time="2024-08-19T18:25:20.986605" level="DEBUG">Remote response: status=200 | data={"value":null} | headers=HTTPHeaderDict({'X-Powered-By': 'Express', 'Vary': 'X-HTTP-Method-Override', 'Content-Type': 'application/json; charset=utf-8', 'Content-Length': '14', 'ETag': 'W/"e-9/1BuKMgFObM1mWJm+YjxtXJnUM"', 'Date': 'Mon, 19 Aug 2024 11:25:20 GMT', 'Connection': 'keep-alive', 'Keep-Alive': 'timeout=600'})</msg>
<msg time="2024-08-19T18:25:20.986752" level="DEBUG">Finished Request</msg>
<msg time="2024-08-19T18:25:20.986983" level="INFO">criteria is com.loginmodule.learning:id/textInputEditTextEmail</msg>
<msg time="2024-08-19T18:25:20.987386" level="TRACE">Return: None</msg>
<arg>${EMAIL_LOGIN}</arg>
<arg>${MAIL_TO_LOGIN}</arg>
<doc>Types the given `text` into text field identified by `locator`.</doc>
<status status="PASS" start="2024-08-19T18:25:20.849667" elapsed="0.137818"/>
</kw>
<msg time="2024-08-19T18:25:20.987621" level="TRACE">Return: None</msg>
<arg>${DATAEMAIL}</arg>
<status status="PASS" start="2024-08-19T18:25:18.847651" elapsed="2.140037"/>
</kw>
<kw name="Input Password login" owner="android-res">
<msg time="2024-08-19T18:25:20.988756" level="TRACE">Arguments: [ ${TO_PASS_LOGIN}='test12345' ]</msg>
<kw name="Input Text" owner="AppiumLibrary">
<msg time="2024-08-19T18:25:20.989189" level="TRACE">Arguments: [ 'id=com.loginmodule.learning:id/textInputEditTextPassword' | 'test12345' ]</msg>
<msg time="2024-08-19T18:25:20.992174" level="INFO">Typing text 'test12345' into text field 'id=com.loginmodule.learning:id/textInputEditTextPassword'</msg>
<msg time="2024-08-19T18:25:20.992346" level="DEBUG">POST http://localhost:4723/session/4ff0fc0d-992b-406b-b100-bc14c34a8026/elements {"using": "id", "value": "com.loginmodule.learning:id/textInputEditTextPassword"}</msg>
<msg time="2024-08-19T18:25:21.526685" level="DEBUG">http://localhost:4723 "POST /session/4ff0fc0d-992b-406b-b100-bc14c34a8026/elements HTTP/11" 200 0</msg>
<msg time="2024-08-19T18:25:21.527097" level="DEBUG">Remote response: status=200 | data={"value":[{"element-6066-11e4-a52e-4f735466cecf":"00000000-0000-0569-ffff-ffff0000000b","ELEMENT":"00000000-0000-0569-ffff-ffff0000000b"}]} | headers=HTTPHeaderDict({'X-Powered-By': 'Express', 'Vary': 'X-HTTP-Method-Override', 'Content-Type': 'application/json; charset=utf-8', 'Content-Length': '139', 'ETag': 'W/"8b-Iery2kdGtgqseqb1kox4eJK0LB4"', 'Date': 'Mon, 19 Aug 2024 11:25:21 GMT', 'Connection': 'keep-alive', 'Keep-Alive': 'timeout=600'})</msg>
<msg time="2024-08-19T18:25:21.527322" level="DEBUG">Finished Request</msg>
<msg time="2024-08-19T18:25:21.527967" level="DEBUG">POST http://localhost:4723/session/4ff0fc0d-992b-406b-b100-bc14c34a8026/element/00000000-0000-0569-ffff-ffff0000000b/value {"text": "test12345", "value": ["t", "e", "s", "t", "1", "2", "3", "4", "5"]}</msg>
<msg time="2024-08-19T18:25:21.584028" level="DEBUG">http://localhost:4723 "POST /session/4ff0fc0d-992b-406b-b100-bc14c34a8026/element/00000000-0000-0569-ffff-ffff0000000b/value HTTP/11" 200 0</msg>
<msg time="2024-08-19T18:25:21.584355" level="DEBUG">Remote response: status=200 | data={"value":null} | headers=HTTPHeaderDict({'X-Powered-By': 'Express', 'Vary': 'X-HTTP-Method-Override', 'Content-Type': 'application/json; charset=utf-8', 'Content-Length': '14', 'ETag': 'W/"e-9/1BuKMgFObM1mWJm+YjxtXJnUM"', 'Date': 'Mon, 19 Aug 2024 11:25:21 GMT', 'Connection': 'keep-alive', 'Keep-Alive': 'timeout=600'})</msg>
<msg time="2024-08-19T18:25:21.584678" level="DEBUG">Finished Request</msg>
<msg time="2024-08-19T18:25:21.584981" level="INFO">criteria is com.loginmodule.learning:id/textInputEditTextPassword</msg>
<msg time="2024-08-19T18:25:21.585029" level="TRACE">Return: None</msg>
<arg>${PASS_LOGIN}</arg>
<arg>${TO_PASS_LOGIN}</arg>
<doc>Types the given `text` into text field identified by `locator`.</doc>
<status status="PASS" start="2024-08-19T18:25:20.989026" elapsed="0.596050"/>
</kw>
<msg time="2024-08-19T18:25:21.585158" level="TRACE">Return: None</msg>
<arg>${DATAPASSWORD}</arg>
<status status="PASS" start="2024-08-19T18:25:20.988389" elapsed="0.596802"/>
</kw>
<kw name="Button Login" owner="android-res">
<msg time="2024-08-19T18:25:21.586065" level="TRACE">Arguments: [  ]</msg>
<kw name="Click Element" owner="AppiumLibrary">
<msg time="2024-08-19T18:25:21.586307" level="TRACE">Arguments: [ 'id=com.loginmodule.learning:id/appCompatButtonLogin' ]</msg>
<msg time="2024-08-19T18:25:21.588415" level="INFO">Clicking element 'id=com.loginmodule.learning:id/appCompatButtonLogin'.</msg>
<msg time="2024-08-19T18:25:21.588550" level="DEBUG">POST http://localhost:4723/session/4ff0fc0d-992b-406b-b100-bc14c34a8026/elements {"using": "id", "value": "com.loginmodule.learning:id/appCompatButtonLogin"}</msg>
<msg time="2024-08-19T18:25:22.141469" level="DEBUG">http://localhost:4723 "POST /session/4ff0fc0d-992b-406b-b100-bc14c34a8026/elements HTTP/11" 200 0</msg>
<msg time="2024-08-19T18:25:22.142354" level="DEBUG">Remote response: status=200 | data={"value":[{"element-6066-11e4-a52e-4f735466cecf":"00000000-0000-0569-ffff-ffff0000000c","ELEMENT":"00000000-0000-0569-ffff-ffff0000000c"}]} | headers=HTTPHeaderDict({'X-Powered-By': 'Express', 'Vary': 'X-HTTP-Method-Override', 'Content-Type': 'application/json; charset=utf-8', 'Content-Length': '139', 'ETag': 'W/"8b-a6tZYevZHh7qUZg/HgZC9emrzzU"', 'Date': 'Mon, 19 Aug 2024 11:25:22 GMT', 'Connection': 'keep-alive', 'Keep-Alive': 'timeout=600'})</msg>
<msg time="2024-08-19T18:25:22.142689" level="DEBUG">Finished Request</msg>
<msg time="2024-08-19T18:25:22.143135" level="DEBUG">POST http://localhost:4723/session/4ff0fc0d-992b-406b-b100-bc14c34a8026/element/00000000-0000-0569-ffff-ffff0000000c/click {}</msg>
<msg time="2024-08-19T18:25:22.358153" level="DEBUG">http://localhost:4723 "POST /session/4ff0fc0d-992b-406b-b100-bc14c34a8026/element/00000000-0000-0569-ffff-ffff0000000c/click HTTP/11" 200 0</msg>
<msg time="2024-08-19T18:25:22.358471" level="DEBUG">Remote response: status=200 | data={"value":null} | headers=HTTPHeaderDict({'X-Powered-By': 'Express', 'Vary': 'X-HTTP-Method-Override', 'Content-Type': 'application/json; charset=utf-8', 'Content-Length': '14', 'ETag': 'W/"e-9/1BuKMgFObM1mWJm+YjxtXJnUM"', 'Date': 'Mon, 19 Aug 2024 11:25:22 GMT', 'Connection': 'keep-alive', 'Keep-Alive': 'timeout=600'})</msg>
<msg time="2024-08-19T18:25:22.358586" level="DEBUG">Finished Request</msg>
<msg time="2024-08-19T18:25:22.358678" level="INFO">criteria is com.loginmodule.learning:id/appCompatButtonLogin</msg>
<msg time="2024-08-19T18:25:22.358750" level="TRACE">Return: None</msg>
<arg>${BUTTON_LOGIN}</arg>
<doc>Click element identified by `locator`.</doc>
<status status="PASS" start="2024-08-19T18:25:21.586210" elapsed="0.772611"/>
</kw>
<msg time="2024-08-19T18:25:22.358915" level="TRACE">Return: None</msg>
<status status="PASS" start="2024-08-19T18:25:21.585891" elapsed="0.773063"/>
</kw>
<kw name="User success login" owner="android-res">
<msg time="2024-08-19T18:25:22.360238" level="TRACE">Arguments: [  ]</msg>
<kw name="Sleep" owner="BuiltIn">
<msg time="2024-08-19T18:25:22.360476" level="TRACE">Arguments: [ '2s' ]</msg>
<msg time="2024-08-19T18:25:24.360896" level="INFO">Slept 2 seconds.</msg>
<msg time="2024-08-19T18:25:24.361076" level="TRACE">Return: None</msg>
<arg>2s</arg>
<doc>Pauses the test executed for the given time.</doc>
<status status="PASS" start="2024-08-19T18:25:22.360399" elapsed="2.000768"/>
</kw>
<kw name="Get Text" owner="AppiumLibrary">
<msg time="2024-08-19T18:25:24.362021" level="TRACE">Arguments: [ '//android.widget.TextView[@resource-id="com.loginmodule.learning:id/textViewEmail" and @text="ikirfan60@gmail.com"]' ]</msg>
<msg time="2024-08-19T18:25:24.362438" level="DEBUG">POST http://localhost:4723/session/4ff0fc0d-992b-406b-b100-bc14c34a8026/elements {"using": "xpath", "value": "//android.widget.TextView[@resource-id=\"com.loginmodule.learning:id/textViewEmail\" and @text=\"ikirfan60@gmail.com\"]"}</msg>
<msg time="2024-08-19T18:25:24.485869" level="DEBUG">http://localhost:4723 "POST /session/4ff0fc0d-992b-406b-b100-bc14c34a8026/elements HTTP/11" 200 0</msg>
<msg time="2024-08-19T18:25:24.486023" level="DEBUG">Remote response: status=200 | data={"value":[{"element-6066-11e4-a52e-4f735466cecf":"00000000-0000-056b-ffff-ffff00000044","ELEMENT":"00000000-0000-056b-ffff-ffff00000044"}]} | headers=HTTPHeaderDict({'X-Powered-By': 'Express', 'Vary': 'X-HTTP-Method-Override', 'Content-Type': 'application/json; charset=utf-8', 'Content-Length': '139', 'ETag': 'W/"8b-e4z2Z6gNM2emh304JPIFbfCNoAM"', 'Date': 'Mon, 19 Aug 2024 11:25:24 GMT', 'Connection': 'keep-alive', 'Keep-Alive': 'timeout=600'})</msg>
<msg time="2024-08-19T18:25:24.486118" level="DEBUG">Finished Request</msg>
<msg time="2024-08-19T18:25:24.486259" level="DEBUG">GET http://localhost:4723/session/4ff0fc0d-992b-406b-b100-bc14c34a8026/element/00000000-0000-056b-ffff-ffff00000044/text {}</msg>
<msg time="2024-08-19T18:25:24.512350" level="DEBUG">http://localhost:4723 "GET /session/4ff0fc0d-992b-406b-b100-bc14c34a8026/element/00000000-0000-056b-ffff-ffff00000044/text HTTP/11" 200 0</msg>
<msg time="2024-08-19T18:25:24.512567" level="DEBUG">Remote response: status=200 | data={"sessionId":"4ff0fc0d-992b-406b-b100-bc14c34a8026","value":"ikirfan60@gmail.com"} | headers=HTTPHeaderDict({'X-Powered-By': 'Express', 'Content-Type': 'application/json; charset=utf-8', 'Content-Length': '82', 'ETag': 'W/"52-ZndKOt4fR3GzUGa5NpW6bs6qFbo"', 'Date': 'Mon, 19 Aug 2024 11:25:24 GMT', 'Connection': 'keep-alive', 'Keep-Alive': 'timeout=600'})</msg>
<msg time="2024-08-19T18:25:24.512695" level="DEBUG">Finished Request</msg>
<msg time="2024-08-19T18:25:24.517198" level="INFO">Element '//android.widget.TextView[@resource-id="com.loginmodule.learning:id/textViewEmail" and @text="ikirfan60@gmail.com"]' text is 'ikirfan60@gmail.com' </msg>
<msg time="2024-08-19T18:25:24.517272" level="INFO">xpath criteria: //android.widget.TextView[@resource-id="com.loginmodule.learning:id/textViewEmail" and @text="ikirfan60@gmail.com"]</msg>
<msg time="2024-08-19T18:25:24.517304" level="TRACE">Return: 'ikirfan60@gmail.com'</msg>
<msg time="2024-08-19T18:25:24.517384" level="INFO">${element_text} = ikirfan60@gmail.com</msg>
<var>${element_text}</var>
<arg>${VERIFYSUCCESSLOGIN}</arg>
<doc>Get element text (for hybrid and mobile browser use `xpath` locator, others might cause problem)</doc>
<status status="PASS" start="2024-08-19T18:25:24.361649" elapsed="0.155766"/>
</kw>
<kw name="Log" owner="BuiltIn">
<msg time="2024-08-19T18:25:24.517712" level="TRACE">Arguments: [ 'The actual text in the user name field is: ikirfan60@gmail.com' ]</msg>
<msg time="2024-08-19T18:25:24.517789" level="INFO">The actual text in the user name field is: ikirfan60@gmail.com</msg>
<msg time="2024-08-19T18:25:24.517822" level="TRACE">Return: None</msg>
<arg>The actual text in the user name field is: ${element_text}</arg>
<doc>Logs the given message with the given level.</doc>
<status status="PASS" start="2024-08-19T18:25:24.517561" elapsed="0.000290"/>
</kw>
<kw name="Should Be Equal" owner="BuiltIn">
<msg time="2024-08-19T18:25:24.518098" level="TRACE">Arguments: [ 'ikirfan60@gmail.com' | 'ikirfan60@gmail.com' ]</msg>
<msg time="2024-08-19T18:25:24.518173" level="DEBUG">Argument types are:
&lt;class 'str'&gt;
&lt;class 'str'&gt;</msg>
<msg time="2024-08-19T18:25:24.518213" level="TRACE">Return: None</msg>
<arg>${element_text}</arg>
<arg>${DATAEMAIL}</arg>
<doc>Fails if the given objects are unequal.</doc>
<status status="PASS" start="2024-08-19T18:25:24.517977" elapsed="0.000264"/>
</kw>
<msg time="2024-08-19T18:25:24.518295" level="TRACE">Return: None</msg>
<status status="PASS" start="2024-08-19T18:25:22.360036" elapsed="2.158286"/>
</kw>
<kw name="Go Back" owner="AppiumLibrary">
<msg time="2024-08-19T18:25:24.518884" level="TRACE">Arguments: [  ]</msg>
<msg time="2024-08-19T18:25:24.519047" level="DEBUG">POST http://localhost:4723/session/4ff0fc0d-992b-406b-b100-bc14c34a8026/back {}</msg>
<msg time="2024-08-19T18:25:25.474041" level="DEBUG">http://localhost:4723 "POST /session/4ff0fc0d-992b-406b-b100-bc14c34a8026/back HTTP/11" 200 0</msg>
<msg time="2024-08-19T18:25:25.474372" level="DEBUG">Remote response: status=200 | data={"sessionId":"4ff0fc0d-992b-406b-b100-bc14c34a8026","value":null} | headers=HTTPHeaderDict({'X-Powered-By': 'Express', 'Vary': 'X-HTTP-Method-Override', 'Content-Type': 'application/json; charset=utf-8', 'Content-Length': '65', 'ETag': 'W/"41-ZSk8R4lply7QTMbMLHvtJ2apof8"', 'Date': 'Mon, 19 Aug 2024 11:25:25 GMT', 'Connection': 'keep-alive', 'Keep-Alive': 'timeout=600'})</msg>
<msg time="2024-08-19T18:25:25.474675" level="DEBUG">Finished Request</msg>
<msg time="2024-08-19T18:25:25.474884" level="TRACE">Return: None</msg>
<doc>Goes one step backward in the browser history.</doc>
<status status="PASS" start="2024-08-19T18:25:24.518824" elapsed="0.956523"/>
</kw>
<tag>main</tag>
<tag>valid_credential</tag>
<status status="PASS" start="2024-08-19T18:24:50.700420" elapsed="34.775824"/>
</test>
<test id="s1-s1-t2" name="Login with email not registered" line="24">
<kw name="Input email login" owner="android-res">
<msg time="2024-08-19T18:25:25.479184" level="TRACE">Arguments: [ ${MAIL_TO_LOGIN}='juleha@juleha.com' ]</msg>
<kw name="Sleep" owner="BuiltIn">
<msg time="2024-08-19T18:25:25.479554" level="TRACE">Arguments: [ '2s' ]</msg>
<msg time="2024-08-19T18:25:27.480179" level="INFO">Slept 2 seconds.</msg>
<msg time="2024-08-19T18:25:27.480330" level="TRACE">Return: None</msg>
<arg>2s</arg>
<doc>Pauses the test executed for the given time.</doc>
<status status="PASS" start="2024-08-19T18:25:25.479438" elapsed="2.000986"/>
</kw>
<kw name="Input Text" owner="AppiumLibrary">
<msg time="2024-08-19T18:25:27.481037" level="TRACE">Arguments: [ 'id=com.loginmodule.learning:id/textInputEditTextEmail' | 'juleha@juleha.com' ]</msg>
<msg time="2024-08-19T18:25:27.485349" level="INFO">Typing text 'juleha@juleha.com' into text field 'id=com.loginmodule.learning:id/textInputEditTextEmail'</msg>
<msg time="2024-08-19T18:25:27.485723" level="DEBUG">POST http://localhost:4723/session/4ff0fc0d-992b-406b-b100-bc14c34a8026/elements {"using": "id", "value": "com.loginmodule.learning:id/textInputEditTextEmail"}</msg>
<msg time="2024-08-19T18:25:27.569743" level="DEBUG">http://localhost:4723 "POST /session/4ff0fc0d-992b-406b-b100-bc14c34a8026/elements HTTP/11" 200 0</msg>
<msg time="2024-08-19T18:25:27.570185" level="DEBUG">Remote response: status=200 | data={"value":[{"element-6066-11e4-a52e-4f735466cecf":"00000000-0000-0569-ffff-ffff00000009","ELEMENT":"00000000-0000-0569-ffff-ffff00000009"}]} | headers=HTTPHeaderDict({'X-Powered-By': 'Express', 'Vary': 'X-HTTP-Method-Override', 'Content-Type': 'application/json; charset=utf-8', 'Content-Length': '139', 'ETag': 'W/"8b-9/2xfCJxvs2kY55xqcM9v2y0Sz8"', 'Date': 'Mon, 19 Aug 2024 11:25:27 GMT', 'Connection': 'keep-alive', 'Keep-Alive': 'timeout=600'})</msg>
<msg time="2024-08-19T18:25:27.570572" level="DEBUG">Finished Request</msg>
<msg time="2024-08-19T18:25:27.571124" level="DEBUG">POST http://localhost:4723/session/4ff0fc0d-992b-406b-b100-bc14c34a8026/element/00000000-0000-0569-ffff-ffff00000009/value {"text": "juleha@juleha.com", "value": ["j", "u", "l", "e", "h", "a", "@", "j", "u", "l", "e", "h", "a", ".", "c", "o", "m"]}</msg>
<msg time="2024-08-19T18:25:27.657698" level="DEBUG">http://localhost:4723 "POST /session/4ff0fc0d-992b-406b-b100-bc14c34a8026/element/00000000-0000-0569-ffff-ffff00000009/value HTTP/11" 200 0</msg>
<msg time="2024-08-19T18:25:27.657927" level="DEBUG">Remote response: status=200 | data={"value":null} | headers=HTTPHeaderDict({'X-Powered-By': 'Express', 'Vary': 'X-HTTP-Method-Override', 'Content-Type': 'application/json; charset=utf-8', 'Content-Length': '14', 'ETag': 'W/"e-9/1BuKMgFObM1mWJm+YjxtXJnUM"', 'Date': 'Mon, 19 Aug 2024 11:25:27 GMT', 'Connection': 'keep-alive', 'Keep-Alive': 'timeout=600'})</msg>
<msg time="2024-08-19T18:25:27.658081" level="DEBUG">Finished Request</msg>
<msg time="2024-08-19T18:25:27.658220" level="INFO">criteria is com.loginmodule.learning:id/textInputEditTextEmail</msg>
<msg time="2024-08-19T18:25:27.658273" level="TRACE">Return: None</msg>
<arg>${EMAIL_LOGIN}</arg>
<arg>${MAIL_TO_LOGIN}</arg>
<doc>Types the given `text` into text field identified by `locator`.</doc>
<status status="PASS" start="2024-08-19T18:25:27.480736" elapsed="0.177616"/>
</kw>
<msg time="2024-08-19T18:25:27.658475" level="TRACE">Return: None</msg>
<arg>${INVALIDEMAILLOGIN}</arg>
<status status="PASS" start="2024-08-19T18:25:25.478820" elapsed="2.179712"/>
</kw>
<kw name="Input Password login" owner="android-res">
<msg time="2024-08-19T18:25:27.659823" level="TRACE">Arguments: [ ${TO_PASS_LOGIN}='test12345' ]</msg>
<kw name="Input Text" owner="AppiumLibrary">
<msg time="2024-08-19T18:25:27.660089" level="TRACE">Arguments: [ 'id=com.loginmodule.learning:id/textInputEditTextPassword' | 'test12345' ]</msg>
<msg time="2024-08-19T18:25:27.663851" level="INFO">Typing text 'test12345' into text field 'id=com.loginmodule.learning:id/textInputEditTextPassword'</msg>
<msg time="2024-08-19T18:25:27.664096" level="DEBUG">POST http://localhost:4723/session/4ff0fc0d-992b-406b-b100-bc14c34a8026/elements {"using": "id", "value": "com.loginmodule.learning:id/textInputEditTextPassword"}</msg>
<msg time="2024-08-19T18:25:28.446830" level="DEBUG">http://localhost:4723 "POST /session/4ff0fc0d-992b-406b-b100-bc14c34a8026/elements HTTP/11" 200 0</msg>
<msg time="2024-08-19T18:25:28.447257" level="DEBUG">Remote response: status=200 | data={"value":[{"element-6066-11e4-a52e-4f735466cecf":"00000000-0000-0569-ffff-ffff0000000b","ELEMENT":"00000000-0000-0569-ffff-ffff0000000b"}]} | headers=HTTPHeaderDict({'X-Powered-By': 'Express', 'Vary': 'X-HTTP-Method-Override', 'Content-Type': 'application/json; charset=utf-8', 'Content-Length': '139', 'ETag': 'W/"8b-Iery2kdGtgqseqb1kox4eJK0LB4"', 'Date': 'Mon, 19 Aug 2024 11:25:28 GMT', 'Connection': 'keep-alive', 'Keep-Alive': 'timeout=600'})</msg>
<msg time="2024-08-19T18:25:28.447420" level="DEBUG">Finished Request</msg>
<msg time="2024-08-19T18:25:28.448187" level="DEBUG">POST http://localhost:4723/session/4ff0fc0d-992b-406b-b100-bc14c34a8026/element/00000000-0000-0569-ffff-ffff0000000b/value {"text": "test12345", "value": ["t", "e", "s", "t", "1", "2", "3", "4", "5"]}</msg>
<msg time="2024-08-19T18:25:28.505445" level="DEBUG">http://localhost:4723 "POST /session/4ff0fc0d-992b-406b-b100-bc14c34a8026/element/00000000-0000-0569-ffff-ffff0000000b/value HTTP/11" 200 0</msg>
<msg time="2024-08-19T18:25:28.505678" level="DEBUG">Remote response: status=200 | data={"value":null} | headers=HTTPHeaderDict({'X-Powered-By': 'Express', 'Vary': 'X-HTTP-Method-Override', 'Content-Type': 'application/json; charset=utf-8', 'Content-Length': '14', 'ETag': 'W/"e-9/1BuKMgFObM1mWJm+YjxtXJnUM"', 'Date': 'Mon, 19 Aug 2024 11:25:28 GMT', 'Connection': 'keep-alive', 'Keep-Alive': 'timeout=600'})</msg>
<msg time="2024-08-19T18:25:28.505803" level="DEBUG">Finished Request</msg>
<msg time="2024-08-19T18:25:28.505886" level="INFO">criteria is com.loginmodule.learning:id/textInputEditTextPassword</msg>
<msg time="2024-08-19T18:25:28.505921" level="TRACE">Return: None</msg>
<arg>${PASS_LOGIN}</arg>
<arg>${TO_PASS_LOGIN}</arg>
<doc>Types the given `text` into text field identified by `locator`.</doc>
<status status="PASS" start="2024-08-19T18:25:27.659987" elapsed="0.845976"/>
</kw>
<msg time="2024-08-19T18:25:28.506063" level="TRACE">Return: None</msg>
<arg>${DATAPASSWORD}</arg>
<status status="PASS" start="2024-08-19T18:25:27.659603" elapsed="0.846494"/>
</kw>
<kw name="Button Login" owner="android-res">
<msg time="2024-08-19T18:25:28.507432" level="TRACE">Arguments: [  ]</msg>
<kw name="Click Element" owner="AppiumLibrary">
<msg time="2024-08-19T18:25:28.507738" level="TRACE">Arguments: [ 'id=com.loginmodule.learning:id/appCompatButtonLogin' ]</msg>
<msg time="2024-08-19T18:25:28.510782" level="INFO">Clicking element 'id=com.loginmodule.learning:id/appCompatButtonLogin'.</msg>
<msg time="2024-08-19T18:25:28.511012" level="DEBUG">POST http://localhost:4723/session/4ff0fc0d-992b-406b-b100-bc14c34a8026/elements {"using": "id", "value": "com.loginmodule.learning:id/appCompatButtonLogin"}</msg>
<msg time="2024-08-19T18:25:29.079794" level="DEBUG">http://localhost:4723 "POST /session/4ff0fc0d-992b-406b-b100-bc14c34a8026/elements HTTP/11" 200 0</msg>
<msg time="2024-08-19T18:25:29.080623" level="DEBUG">Remote response: status=200 | data={"value":[{"element-6066-11e4-a52e-4f735466cecf":"00000000-0000-0569-ffff-ffff0000000c","ELEMENT":"00000000-0000-0569-ffff-ffff0000000c"}]} | headers=HTTPHeaderDict({'X-Powered-By': 'Express', 'Vary': 'X-HTTP-Method-Override', 'Content-Type': 'application/json; charset=utf-8', 'Content-Length': '139', 'ETag': 'W/"8b-a6tZYevZHh7qUZg/HgZC9emrzzU"', 'Date': 'Mon, 19 Aug 2024 11:25:29 GMT', 'Connection': 'keep-alive', 'Keep-Alive': 'timeout=600'})</msg>
<msg time="2024-08-19T18:25:29.080924" level="DEBUG">Finished Request</msg>
<msg time="2024-08-19T18:25:29.081210" level="DEBUG">POST http://localhost:4723/session/4ff0fc0d-992b-406b-b100-bc14c34a8026/element/00000000-0000-0569-ffff-ffff0000000c/click {}</msg>
<msg time="2024-08-19T18:25:29.797357" level="DEBUG">http://localhost:4723 "POST /session/4ff0fc0d-992b-406b-b100-bc14c34a8026/element/00000000-0000-0569-ffff-ffff0000000c/click HTTP/11" 200 0</msg>
<msg time="2024-08-19T18:25:29.797693" level="DEBUG">Remote response: status=200 | data={"value":null} | headers=HTTPHeaderDict({'X-Powered-By': 'Express', 'Vary': 'X-HTTP-Method-Override', 'Content-Type': 'application/json; charset=utf-8', 'Content-Length': '14', 'ETag': 'W/"e-9/1BuKMgFObM1mWJm+YjxtXJnUM"', 'Date': 'Mon, 19 Aug 2024 11:25:29 GMT', 'Connection': 'keep-alive', 'Keep-Alive': 'timeout=600'})</msg>
<msg time="2024-08-19T18:25:29.797877" level="DEBUG">Finished Request</msg>
<msg time="2024-08-19T18:25:29.798121" level="INFO">criteria is com.loginmodule.learning:id/appCompatButtonLogin</msg>
<msg time="2024-08-19T18:25:29.798361" level="TRACE">Return: None</msg>
<arg>${BUTTON_LOGIN}</arg>
<doc>Click element identified by `locator`.</doc>
<status status="PASS" start="2024-08-19T18:25:28.507609" elapsed="1.290980"/>
</kw>
<msg time="2024-08-19T18:25:29.798837" level="TRACE">Return: None</msg>
<status status="PASS" start="2024-08-19T18:25:28.506969" elapsed="1.291939"/>
</kw>
<kw name="Failed To Login" owner="android-res">
<msg time="2024-08-19T18:25:29.799854" level="TRACE">Arguments: [  ]</msg>
<kw name="Sleep" owner="BuiltIn">
<msg time="2024-08-19T18:25:29.800086" level="TRACE">Arguments: [ '2s' ]</msg>
<msg time="2024-08-19T18:25:31.800650" level="INFO">Slept 2 seconds.</msg>
<msg time="2024-08-19T18:25:31.800749" level="TRACE">Return: None</msg>
<arg>2s</arg>
<doc>Pauses the test executed for the given time.</doc>
<status status="PASS" start="2024-08-19T18:25:29.799999" elapsed="2.000818"/>
</kw>
<kw name="Get Text" owner="AppiumLibrary">
<msg time="2024-08-19T18:25:31.801178" level="TRACE">Arguments: [ 'id=com.loginmodule.learning:id/snackbar_text' ]</msg>
<msg time="2024-08-19T18:25:31.801402" level="DEBUG">POST http://localhost:4723/session/4ff0fc0d-992b-406b-b100-bc14c34a8026/elements {"using": "id", "value": "com.loginmodule.learning:id/snackbar_text"}</msg>
<msg time="2024-08-19T18:25:31.860703" level="DEBUG">http://localhost:4723 "POST /session/4ff0fc0d-992b-406b-b100-bc14c34a8026/elements HTTP/11" 200 0</msg>
<msg time="2024-08-19T18:25:31.861052" level="DEBUG">Remote response: status=200 | data={"value":[{"element-6066-11e4-a52e-4f735466cecf":"00000000-0000-0569-ffff-ffff0000004a","ELEMENT":"00000000-0000-0569-ffff-ffff0000004a"}]} | headers=HTTPHeaderDict({'X-Powered-By': 'Express', 'Vary': 'X-HTTP-Method-Override', 'Content-Type': 'application/json; charset=utf-8', 'Content-Length': '139', 'ETag': 'W/"8b-/zmP+KY/j4CHucD2JYAJcZFdPok"', 'Date': 'Mon, 19 Aug 2024 11:25:31 GMT', 'Connection': 'keep-alive', 'Keep-Alive': 'timeout=600'})</msg>
<msg time="2024-08-19T18:25:31.861176" level="DEBUG">Finished Request</msg>
<msg time="2024-08-19T18:25:31.861355" level="DEBUG">GET http://localhost:4723/session/4ff0fc0d-992b-406b-b100-bc14c34a8026/element/00000000-0000-0569-ffff-ffff0000004a/text {}</msg>
<msg time="2024-08-19T18:25:31.889634" level="DEBUG">http://localhost:4723 "GET /session/4ff0fc0d-992b-406b-b100-bc14c34a8026/element/00000000-0000-0569-ffff-ffff0000004a/text HTTP/11" 200 0</msg>
<msg time="2024-08-19T18:25:31.889823" level="DEBUG">Remote response: status=200 | data={"sessionId":"4ff0fc0d-992b-406b-b100-bc14c34a8026","value":"Wrong Email or Password"} | headers=HTTPHeaderDict({'X-Powered-By': 'Express', 'Content-Type': 'application/json; charset=utf-8', 'Content-Length': '86', 'ETag': 'W/"56-G2BFSioADt1+hExf6483xoMooyw"', 'Date': 'Mon, 19 Aug 2024 11:25:31 GMT', 'Connection': 'keep-alive', 'Keep-Alive': 'timeout=600'})</msg>
<msg time="2024-08-19T18:25:31.889941" level="DEBUG">Finished Request</msg>
<msg time="2024-08-19T18:25:31.892427" level="INFO">Element 'id=com.loginmodule.learning:id/snackbar_text' text is 'Wrong Email or Password' </msg>
<msg time="2024-08-19T18:25:31.892495" level="INFO">criteria is com.loginmodule.learning:id/snackbar_text</msg>
<msg time="2024-08-19T18:25:31.892529" level="TRACE">Return: 'Wrong Email or Password'</msg>
<msg time="2024-08-19T18:25:31.892600" level="INFO">${element_text} = Wrong Email or Password</msg>
<var>${element_text}</var>
<arg>${ERRORLOGIN}</arg>
<doc>Get element text (for hybrid and mobile browser use `xpath` locator, others might cause problem)</doc>
<status status="PASS" start="2024-08-19T18:25:31.801008" elapsed="0.091614"/>
</kw>
<kw name="Log" owner="BuiltIn">
<msg time="2024-08-19T18:25:31.892891" level="TRACE">Arguments: [ 'The actual text in the user name field is: Wrong Email or Password' ]</msg>
<msg time="2024-08-19T18:25:31.892953" level="INFO">The actual text in the user name field is: Wrong Email or Password</msg>
<msg time="2024-08-19T18:25:31.893013" level="TRACE">Return: None</msg>
<arg>The actual text in the user name field is: ${element_text}</arg>
<doc>Logs the given message with the given level.</doc>
<status status="PASS" start="2024-08-19T18:25:31.892765" elapsed="0.000278"/>
</kw>
<kw name="Should Be Equal" owner="BuiltIn">
<msg time="2024-08-19T18:25:31.893282" level="TRACE">Arguments: [ 'Wrong Email or Password' | 'Wrong Email or Password' ]</msg>
<msg time="2024-08-19T18:25:31.893347" level="DEBUG">Argument types are:
&lt;class 'str'&gt;
&lt;class 'str'&gt;</msg>
<msg time="2024-08-19T18:25:31.893387" level="TRACE">Return: None</msg>
<arg>${element_text}</arg>
<arg>${ERROR_MESSAGE_LOGIN}</arg>
<doc>Fails if the given objects are unequal.</doc>
<status status="PASS" start="2024-08-19T18:25:31.893149" elapsed="0.000266"/>
</kw>
<msg time="2024-08-19T18:25:31.893472" level="TRACE">Return: None</msg>
<status status="PASS" start="2024-08-19T18:25:29.799565" elapsed="2.093934"/>
</kw>
<tag>using_invalid_email main</tag>
<status status="PASS" start="2024-08-19T18:25:25.477742" elapsed="6.416392"/>
</test>
<test id="s1-s1-t3" name="Login with invalid password not registered" line="32">
<kw name="Sleep" owner="BuiltIn">
<msg time="2024-08-19T18:25:31.896561" level="TRACE">Arguments: [ '2s' ]</msg>
<msg time="2024-08-19T18:25:33.897194" level="INFO">Slept 2 seconds.</msg>
<msg time="2024-08-19T18:25:33.897388" level="TRACE">Return: None</msg>
<arg>2s</arg>
<doc>Pauses the test executed for the given time.</doc>
<status status="PASS" start="2024-08-19T18:25:31.896475" elapsed="2.001006"/>
</kw>
<kw name="Clean email" owner="android-res">
<msg time="2024-08-19T18:25:33.899047" level="TRACE">Arguments: [  ]</msg>
<kw name="Clear Text" owner="AppiumLibrary">
<msg time="2024-08-19T18:25:33.899476" level="TRACE">Arguments: [ 'id=com.loginmodule.learning:id/textInputEditTextEmail' ]</msg>
<msg time="2024-08-19T18:25:33.903786" level="INFO">Clear text field 'id=com.loginmodule.learning:id/textInputEditTextEmail'</msg>
<msg time="2024-08-19T18:25:33.904083" level="DEBUG">POST http://localhost:4723/session/4ff0fc0d-992b-406b-b100-bc14c34a8026/elements {"using": "id", "value": "com.loginmodule.learning:id/textInputEditTextEmail"}</msg>
<msg time="2024-08-19T18:25:33.978697" level="DEBUG">http://localhost:4723 "POST /session/4ff0fc0d-992b-406b-b100-bc14c34a8026/elements HTTP/11" 200 0</msg>
<msg time="2024-08-19T18:25:33.978865" level="DEBUG">Remote response: status=200 | data={"value":[{"element-6066-11e4-a52e-4f735466cecf":"00000000-0000-0569-ffff-ffff00000009","ELEMENT":"00000000-0000-0569-ffff-ffff00000009"}]} | headers=HTTPHeaderDict({'X-Powered-By': 'Express', 'Vary': 'X-HTTP-Method-Override', 'Content-Type': 'application/json; charset=utf-8', 'Content-Length': '139', 'ETag': 'W/"8b-9/2xfCJxvs2kY55xqcM9v2y0Sz8"', 'Date': 'Mon, 19 Aug 2024 11:25:33 GMT', 'Connection': 'keep-alive', 'Keep-Alive': 'timeout=600'})</msg>
<msg time="2024-08-19T18:25:33.978959" level="DEBUG">Finished Request</msg>
<msg time="2024-08-19T18:25:33.979103" level="DEBUG">POST http://localhost:4723/session/4ff0fc0d-992b-406b-b100-bc14c34a8026/element/00000000-0000-0569-ffff-ffff00000009/clear {}</msg>
<msg time="2024-08-19T18:25:34.033901" level="DEBUG">http://localhost:4723 "POST /session/4ff0fc0d-992b-406b-b100-bc14c34a8026/element/00000000-0000-0569-ffff-ffff00000009/clear HTTP/11" 200 0</msg>
<msg time="2024-08-19T18:25:34.034331" level="DEBUG">Remote response: status=200 | data={"value":null} | headers=HTTPHeaderDict({'X-Powered-By': 'Express', 'Vary': 'X-HTTP-Method-Override', 'Content-Type': 'application/json; charset=utf-8', 'Content-Length': '14', 'ETag': 'W/"e-9/1BuKMgFObM1mWJm+YjxtXJnUM"', 'Date': 'Mon, 19 Aug 2024 11:25:34 GMT', 'Connection': 'keep-alive', 'Keep-Alive': 'timeout=600'})</msg>
<msg time="2024-08-19T18:25:34.034426" level="DEBUG">Finished Request</msg>
<msg time="2024-08-19T18:25:34.034505" level="INFO">criteria is com.loginmodule.learning:id/textInputEditTextEmail</msg>
<msg time="2024-08-19T18:25:34.034544" level="TRACE">Return: None</msg>
<arg>${EMAIL_LOGIN}</arg>
<doc>Clears the text field identified by `locator`.</doc>
<status status="PASS" start="2024-08-19T18:25:33.899278" elapsed="0.135310"/>
</kw>
<msg time="2024-08-19T18:25:34.034750" level="TRACE">Return: None</msg>
<status status="PASS" start="2024-08-19T18:25:33.898670" elapsed="0.136117"/>
</kw>
<kw name="Sleep" owner="BuiltIn">
<msg time="2024-08-19T18:25:34.035932" level="TRACE">Arguments: [ '2s' ]</msg>
<msg time="2024-08-19T18:25:36.036437" level="INFO">Slept 2 seconds.</msg>
<msg time="2024-08-19T18:25:36.036677" level="TRACE">Return: None</msg>
<arg>2s</arg>
<doc>Pauses the test executed for the given time.</doc>
<status status="PASS" start="2024-08-19T18:25:34.035834" elapsed="2.000988"/>
</kw>
<kw name="Input email login" owner="android-res">
<msg time="2024-08-19T18:25:36.039442" level="TRACE">Arguments: [ ${MAIL_TO_LOGIN}='ikirfan60@gmail.com' ]</msg>
<kw name="Sleep" owner="BuiltIn">
<msg time="2024-08-19T18:25:36.040156" level="TRACE">Arguments: [ '2s' ]</msg>
<msg time="2024-08-19T18:25:38.041073" level="INFO">Slept 2 seconds.</msg>
<msg time="2024-08-19T18:25:38.041350" level="TRACE">Return: None</msg>
<arg>2s</arg>
<doc>Pauses the test executed for the given time.</doc>
<status status="PASS" start="2024-08-19T18:25:36.039938" elapsed="2.001589"/>
</kw>
<kw name="Input Text" owner="AppiumLibrary">
<msg time="2024-08-19T18:25:38.042512" level="TRACE">Arguments: [ 'id=com.loginmodule.learning:id/textInputEditTextEmail' | 'ikirfan60@gmail.com' ]</msg>
<msg time="2024-08-19T18:25:38.047986" level="INFO">Typing text 'ikirfan60@gmail.com' into text field 'id=com.loginmodule.learning:id/textInputEditTextEmail'</msg>
<msg time="2024-08-19T18:25:38.048304" level="DEBUG">POST http://localhost:4723/session/4ff0fc0d-992b-406b-b100-bc14c34a8026/elements {"using": "id", "value": "com.loginmodule.learning:id/textInputEditTextEmail"}</msg>
<msg time="2024-08-19T18:25:38.119123" level="DEBUG">http://localhost:4723 "POST /session/4ff0fc0d-992b-406b-b100-bc14c34a8026/elements HTTP/11" 200 0</msg>
<msg time="2024-08-19T18:25:38.121081" level="DEBUG">Remote response: status=200 | data={"value":[{"element-6066-11e4-a52e-4f735466cecf":"00000000-0000-0569-ffff-ffff00000009","ELEMENT":"00000000-0000-0569-ffff-ffff00000009"}]} | headers=HTTPHeaderDict({'X-Powered-By': 'Express', 'Vary': 'X-HTTP-Method-Override', 'Content-Type': 'application/json; charset=utf-8', 'Content-Length': '139', 'ETag': 'W/"8b-9/2xfCJxvs2kY55xqcM9v2y0Sz8"', 'Date': 'Mon, 19 Aug 2024 11:25:38 GMT', 'Connection': 'keep-alive', 'Keep-Alive': 'timeout=600'})</msg>
<msg time="2024-08-19T18:25:38.121274" level="DEBUG">Finished Request</msg>
<msg time="2024-08-19T18:25:38.121536" level="DEBUG">POST http://localhost:4723/session/4ff0fc0d-992b-406b-b100-bc14c34a8026/element/00000000-0000-0569-ffff-ffff00000009/value {"text": "ikirfan60@gmail.com", "value": ["i", "k", "i", "r", "f", "a", "n", "6", "0", "@", "g", "m", "a", "i", "l", ".", "c", "o", "m"]}</msg>
<msg time="2024-08-19T18:25:38.175890" level="DEBUG">http://localhost:4723 "POST /session/4ff0fc0d-992b-406b-b100-bc14c34a8026/element/00000000-0000-0569-ffff-ffff00000009/value HTTP/11" 200 0</msg>
<msg time="2024-08-19T18:25:38.176115" level="DEBUG">Remote response: status=200 | data={"value":null} | headers=HTTPHeaderDict({'X-Powered-By': 'Express', 'Vary': 'X-HTTP-Method-Override', 'Content-Type': 'application/json; charset=utf-8', 'Content-Length': '14', 'ETag': 'W/"e-9/1BuKMgFObM1mWJm+YjxtXJnUM"', 'Date': 'Mon, 19 Aug 2024 11:25:38 GMT', 'Connection': 'keep-alive', 'Keep-Alive': 'timeout=600'})</msg>
<msg time="2024-08-19T18:25:38.176245" level="DEBUG">Finished Request</msg>
<msg time="2024-08-19T18:25:38.176339" level="INFO">criteria is com.loginmodule.learning:id/textInputEditTextEmail</msg>
<msg time="2024-08-19T18:25:38.176381" level="TRACE">Return: None</msg>
<arg>${EMAIL_LOGIN}</arg>
<arg>${MAIL_TO_LOGIN}</arg>
<doc>Types the given `text` into text field identified by `locator`.</doc>
<status status="PASS" start="2024-08-19T18:25:38.042067" elapsed="0.134361"/>
</kw>
<msg time="2024-08-19T18:25:38.176521" level="TRACE">Return: None</msg>
<arg>${DATAEMAIL}</arg>
<status status="PASS" start="2024-08-19T18:25:36.038515" elapsed="2.138045"/>
</kw>
<kw name="Clean Password" owner="android-res">
<msg time="2024-08-19T18:25:38.177962" level="TRACE">Arguments: [  ]</msg>
<kw name="Clear Text" owner="AppiumLibrary">
<msg time="2024-08-19T18:25:38.178230" level="TRACE">Arguments: [ 'id=com.loginmodule.learning:id/textInputEditTextPassword' ]</msg>
<msg time="2024-08-19T18:25:38.180683" level="INFO">Clear text field 'id=com.loginmodule.learning:id/textInputEditTextPassword'</msg>
<msg time="2024-08-19T18:25:38.180830" level="DEBUG">POST http://localhost:4723/session/4ff0fc0d-992b-406b-b100-bc14c34a8026/elements {"using": "id", "value": "com.loginmodule.learning:id/textInputEditTextPassword"}</msg>
<msg time="2024-08-19T18:25:38.745944" level="DEBUG">http://localhost:4723 "POST /session/4ff0fc0d-992b-406b-b100-bc14c34a8026/elements HTTP/11" 200 0</msg>
<msg time="2024-08-19T18:25:38.746225" level="DEBUG">Remote response: status=200 | data={"value":[{"element-6066-11e4-a52e-4f735466cecf":"00000000-0000-0569-ffff-ffff0000000b","ELEMENT":"00000000-0000-0569-ffff-ffff0000000b"}]} | headers=HTTPHeaderDict({'X-Powered-By': 'Express', 'Vary': 'X-HTTP-Method-Override', 'Content-Type': 'application/json; charset=utf-8', 'Content-Length': '139', 'ETag': 'W/"8b-Iery2kdGtgqseqb1kox4eJK0LB4"', 'Date': 'Mon, 19 Aug 2024 11:25:38 GMT', 'Connection': 'keep-alive', 'Keep-Alive': 'timeout=600'})</msg>
<msg time="2024-08-19T18:25:38.746343" level="DEBUG">Finished Request</msg>
<msg time="2024-08-19T18:25:38.746527" level="DEBUG">POST http://localhost:4723/session/4ff0fc0d-992b-406b-b100-bc14c34a8026/element/00000000-0000-0569-ffff-ffff0000000b/clear {}</msg>
<msg time="2024-08-19T18:25:38.800932" level="DEBUG">http://localhost:4723 "POST /session/4ff0fc0d-992b-406b-b100-bc14c34a8026/element/00000000-0000-0569-ffff-ffff0000000b/clear HTTP/11" 200 0</msg>
[...]
<msg time="2024-08-19T18:26:56.674837" level="DEBUG">Remote response: status=200 | data={"value":[{"element-6066-11e4-a52e-4f735466cecf":"00000000-0000-057d-ffff-ffff0000006b","ELEMENT":"00000000-0000-057d-ffff-ffff0000006b"}]} | headers=HTTPHeaderDict({'X-Powered-By': 'Express', 'Vary': 'X-HTTP-Method-Override', 'Content-Type': 'application/json; charset=utf-8', 'Content-Length': '139', 'ETag': 'W/"8b-MYyNTriYiLlWdNlFYRRcPTHXO7g"', 'Date': 'Mon, 19 Aug 2024 11:26:56 GMT', 'Connection': 'keep-alive', 'Keep-Alive': 'timeout=600'})</msg>
<msg time="2024-08-19T18:26:56.675081" level="DEBUG">Finished Request</msg>
<msg time="2024-08-19T18:26:56.675243" level="DEBUG">GET http://localhost:4723/session/9f38fc80-c739-4a47-abe7-edfc2642a414/element/00000000-0000-057d-ffff-ffff0000006b/text {}</msg>
<msg time="2024-08-19T18:26:56.713754" level="DEBUG">http://localhost:4723 "GET /session/9f38fc80-c739-4a47-abe7-edfc2642a414/element/00000000-0000-057d-ffff-ffff0000006b/text HTTP/11" 200 0</msg>
<msg time="2024-08-19T18:26:56.713975" level="DEBUG">Remote response: status=200 | data={"sessionId":"9f38fc80-c739-4a47-abe7-edfc2642a414","value":"Password Does Not Matches"} | headers=HTTPHeaderDict({'X-Powered-By': 'Express', 'Content-Type': 'application/json; charset=utf-8', 'Content-Length': '88', 'ETag': 'W/"58-830fyZD9LANf5iLMBa14XWhcDtI"', 'Date': 'Mon, 19 Aug 2024 11:26:56 GMT', 'Connection': 'keep-alive', 'Keep-Alive': 'timeout=600'})</msg>
<msg time="2024-08-19T18:26:56.714114" level="DEBUG">Finished Request</msg>
<msg time="2024-08-19T18:26:56.716903" level="INFO">Element '//android.widget.TextView[@text="Password Does Not Matches"]' text is 'Password Does Not Matches' </msg>
<msg time="2024-08-19T18:26:56.717017" level="INFO">xpath criteria: //android.widget.TextView[@text="Password Does Not Matches"]</msg>
<msg time="2024-08-19T18:26:56.717089" level="TRACE">Return: 'Password Does Not Matches'</msg>
<msg time="2024-08-19T18:26:56.717260" level="INFO">${element_text} = Password Does Not Matches</msg>
<var>${element_text}</var>
<arg>${ERRREINPTPASS}</arg>
<doc>Get element text (for hybrid and mobile browser use `xpath` locator, others might cause problem)</doc>
<status status="PASS" start="2024-08-19T18:26:56.577858" elapsed="0.139453"/>
</kw>
<kw name="Log" owner="BuiltIn">
<msg time="2024-08-19T18:26:56.717830" level="TRACE">Arguments: [ 'The actual text in the user name field is: Password Does Not Matches' ]</msg>
<msg time="2024-08-19T18:26:56.717951" level="INFO">The actual text in the user name field is: Password Does Not Matches</msg>
<msg time="2024-08-19T18:26:56.718025" level="TRACE">Return: None</msg>
<arg>The actual text in the user name field is: ${element_text}</arg>
<doc>Logs the given message with the given level.</doc>
<status status="PASS" start="2024-08-19T18:26:56.717596" elapsed="0.000483"/>
</kw>
<kw name="Should Be Equal" owner="BuiltIn">
<msg time="2024-08-19T18:26:56.718413" level="TRACE">Arguments: [ 'Password Does Not Matches' | 'Password Does Not Matches' ]</msg>
<msg time="2024-08-19T18:26:56.718510" level="DEBUG">Argument types are:
&lt;class 'str'&gt;
&lt;class 'str'&gt;</msg>
<msg time="2024-08-19T18:26:56.718563" level="TRACE">Return: None</msg>
<arg>${element_text}</arg>
<arg>${ERROR_SECTIONREINPUTPASS}</arg>
<doc>Fails if the given objects are unequal.</doc>
<status status="PASS" start="2024-08-19T18:26:56.718243" elapsed="0.000380"/>
</kw>
<msg time="2024-08-19T18:26:56.718714" level="TRACE">Return: None</msg>
<status status="PASS" start="2024-08-19T18:26:56.405591" elapsed="0.313159"/>
</kw>
<tag>main</tag>
<tag>register_without_reinputpass</tag>
<status status="PASS" start="2024-08-19T18:26:50.694975" elapsed="6.024634"/>
</test>
<test id="s1-s2-t6" name="register with diferent password and re input pass" line="59">
<kw name="Sleep" owner="BuiltIn">
<msg time="2024-08-19T18:26:56.721721" level="TRACE">Arguments: [ '5s' ]</msg>
<msg time="2024-08-19T18:27:01.722352" level="INFO">Slept 5 seconds.</msg>
<msg time="2024-08-19T18:27:01.722457" level="TRACE">Return: None</msg>
<arg>5s</arg>
<doc>Pauses the test executed for the given time.</doc>
<status status="PASS" start="2024-08-19T18:26:56.721623" elapsed="5.000888"/>
</kw>
<kw name="Input Reconfirm Password" owner="android-res">
<msg time="2024-08-19T18:27:01.723518" level="TRACE">Arguments: [ ${REINPUTPASS}='Testtest' ]</msg>
<kw name="Input Text" owner="AppiumLibrary">
<msg time="2024-08-19T18:27:01.723854" level="TRACE">Arguments: [ 'id=com.loginmodule.learning:id/textInputEditTextConfirmPassword' | 'Testtest' ]</msg>
<msg time="2024-08-19T18:27:01.726153" level="INFO">Typing text 'Testtest' into text field 'id=com.loginmodule.learning:id/textInputEditTextConfirmPassword'</msg>
<msg time="2024-08-19T18:27:01.726322" level="DEBUG">POST http://localhost:4723/session/9f38fc80-c739-4a47-abe7-edfc2642a414/elements {"using": "id", "value": "com.loginmodule.learning:id/textInputEditTextConfirmPassword"}</msg>
<msg time="2024-08-19T18:27:02.373437" level="DEBUG">http://localhost:4723 "POST /session/9f38fc80-c739-4a47-abe7-edfc2642a414/elements HTTP/11" 200 0</msg>
<msg time="2024-08-19T18:27:02.374054" level="DEBUG">Remote response: status=200 | data={"value":[{"element-6066-11e4-a52e-4f735466cecf":"00000000-0000-057d-ffff-ffff00000057","ELEMENT":"00000000-0000-057d-ffff-ffff00000057"}]} | headers=HTTPHeaderDict({'X-Powered-By': 'Express', 'Vary': 'X-HTTP-Method-Override', 'Content-Type': 'application/json; charset=utf-8', 'Content-Length': '139', 'ETag': 'W/"8b-ZAYiZwN6M1J8cp6GlF5EdwbJZKg"', 'Date': 'Mon, 19 Aug 2024 11:27:02 GMT', 'Connection': 'keep-alive', 'Keep-Alive': 'timeout=600'})</msg>
<msg time="2024-08-19T18:27:02.374268" level="DEBUG">Finished Request</msg>
<msg time="2024-08-19T18:27:02.374579" level="DEBUG">POST http://localhost:4723/session/9f38fc80-c739-4a47-abe7-edfc2642a414/element/00000000-0000-057d-ffff-ffff00000057/value {"text": "Testtest", "value": ["T", "e", "s", "t", "t", "e", "s", "t"]}</msg>
<msg time="2024-08-19T18:27:02.438444" level="DEBUG">http://localhost:4723 "POST /session/9f38fc80-c739-4a47-abe7-edfc2642a414/element/00000000-0000-057d-ffff-ffff00000057/value HTTP/11" 200 0</msg>
<msg time="2024-08-19T18:27:02.438822" level="DEBUG">Remote response: status=200 | data={"value":null} | headers=HTTPHeaderDict({'X-Powered-By': 'Express', 'Vary': 'X-HTTP-Method-Override', 'Content-Type': 'application/json; charset=utf-8', 'Content-Length': '14', 'ETag': 'W/"e-9/1BuKMgFObM1mWJm+YjxtXJnUM"', 'Date': 'Mon, 19 Aug 2024 11:27:02 GMT', 'Connection': 'keep-alive', 'Keep-Alive': 'timeout=600'})</msg>
<msg time="2024-08-19T18:27:02.438955" level="DEBUG">Finished Request</msg>
<msg time="2024-08-19T18:27:02.439036" level="INFO">criteria is com.loginmodule.learning:id/textInputEditTextConfirmPassword</msg>
<msg time="2024-08-19T18:27:02.439074" level="TRACE">Return: None</msg>
<arg>${REINPUTPASSWORD}</arg>
<arg>${REINPUTPASS}</arg>
<doc>Types the given `text` into text field identified by `locator`.</doc>
<status status="PASS" start="2024-08-19T18:27:01.723681" elapsed="0.715437"/>
</kw>
<kw name="Hide Keyboard" owner="AppiumLibrary">
<msg time="2024-08-19T18:27:02.439388" level="TRACE">Arguments: [  ]</msg>
<msg time="2024-08-19T18:27:02.439594" level="DEBUG">POST http://localhost:4723/session/9f38fc80-c739-4a47-abe7-edfc2642a414/execute/sync {"script": "mobile: hideKeyboard", "args": [{}]}</msg>
<msg time="2024-08-19T18:27:02.988678" level="DEBUG">http://localhost:4723 "POST /session/9f38fc80-c739-4a47-abe7-edfc2642a414/execute/sync HTTP/11" 200 0</msg>
<msg time="2024-08-19T18:27:02.988869" level="DEBUG">Remote response: status=200 | data={"value":false} | headers=HTTPHeaderDict({'X-Powered-By': 'Express', 'Vary': 'X-HTTP-Method-Override', 'Content-Type': 'application/json; charset=utf-8', 'Content-Length': '15', 'ETag': 'W/"f-wDOCiKvTD3LNZdrYODNEjzRfePo"', 'Date': 'Mon, 19 Aug 2024 11:27:02 GMT', 'Connection': 'keep-alive', 'Keep-Alive': 'timeout=600'})</msg>
<msg time="2024-08-19T18:27:02.988974" level="DEBUG">Finished Request</msg>
<msg time="2024-08-19T18:27:02.989061" level="TRACE">Return: None</msg>
<doc>Hides the software keyboard on the device. (optional) In iOS, use `key_name` to press
a particular key, ex. `Done`. In Android, no parameters are used.</doc>
<status status="PASS" start="2024-08-19T18:27:02.439304" elapsed="0.549813"/>
</kw>
<msg time="2024-08-19T18:27:02.989253" level="TRACE">Return: None</msg>
<arg>${INVALIDPASS}</arg>
<status status="PASS" start="2024-08-19T18:27:01.723244" elapsed="1.266052"/>
</kw>
<kw name="Sleep" owner="BuiltIn">
<msg time="2024-08-19T18:27:02.990551" level="TRACE">Arguments: [ '2s' ]</msg>
<msg time="2024-08-19T18:27:04.991459" level="INFO">Slept 2 seconds.</msg>
<msg time="2024-08-19T18:27:04.991615" level="TRACE">Return: None</msg>
<arg>2s</arg>
<doc>Pauses the test executed for the given time.</doc>
<status status="PASS" start="2024-08-19T18:27:02.990440" elapsed="2.001268"/>
</kw>
<kw name="Submit register button" owner="android-res">
<msg time="2024-08-19T18:27:04.992737" level="TRACE">Arguments: [  ]</msg>
<kw name="Click Element" owner="AppiumLibrary">
<msg time="2024-08-19T18:27:04.993012" level="TRACE">Arguments: [ 'id=com.loginmodule.learning:id/appCompatButtonRegister' ]</msg>
<msg time="2024-08-19T18:27:04.996617" level="INFO">Clicking element 'id=com.loginmodule.learning:id/appCompatButtonRegister'.</msg>
<msg time="2024-08-19T18:27:04.996840" level="DEBUG">POST http://localhost:4723/session/9f38fc80-c739-4a47-abe7-edfc2642a414/elements {"using": "id", "value": "com.loginmodule.learning:id/appCompatButtonRegister"}</msg>
<msg time="2024-08-19T18:27:05.071899" level="DEBUG">http://localhost:4723 "POST /session/9f38fc80-c739-4a47-abe7-edfc2642a414/elements HTTP/11" 200 0</msg>
<msg time="2024-08-19T18:27:05.072058" level="DEBUG">Remote response: status=200 | data={"value":[{"element-6066-11e4-a52e-4f735466cecf":"00000000-0000-057d-ffff-ffff00000058","ELEMENT":"00000000-0000-057d-ffff-ffff00000058"}]} | headers=HTTPHeaderDict({'X-Powered-By': 'Express', 'Vary': 'X-HTTP-Method-Override', 'Content-Type': 'application/json; charset=utf-8', 'Content-Length': '139', 'ETag': 'W/"8b-/F+0gE26/QJIr5dbLaAg70s5Xak"', 'Date': 'Mon, 19 Aug 2024 11:27:05 GMT', 'Connection': 'keep-alive', 'Keep-Alive': 'timeout=600'})</msg>
<msg time="2024-08-19T18:27:05.072139" level="DEBUG">Finished Request</msg>
<msg time="2024-08-19T18:27:05.072299" level="DEBUG">POST http://localhost:4723/session/9f38fc80-c739-4a47-abe7-edfc2642a414/element/00000000-0000-057d-ffff-ffff00000058/click {}</msg>
<msg time="2024-08-19T18:27:05.660511" level="DEBUG">http://localhost:4723 "POST /session/9f38fc80-c739-4a47-abe7-edfc2642a414/element/00000000-0000-057d-ffff-ffff00000058/click HTTP/11" 200 0</msg>
<msg time="2024-08-19T18:27:05.660898" level="DEBUG">Remote response: status=200 | data={"value":null} | headers=HTTPHeaderDict({'X-Powered-By': 'Express', 'Vary': 'X-HTTP-Method-Override', 'Content-Type': 'application/json; charset=utf-8', 'Content-Length': '14', 'ETag': 'W/"e-9/1BuKMgFObM1mWJm+YjxtXJnUM"', 'Date': 'Mon, 19 Aug 2024 11:27:05 GMT', 'Connection': 'keep-alive', 'Keep-Alive': 'timeout=600'})</msg>
<msg time="2024-08-19T18:27:05.661089" level="DEBUG">Finished Request</msg>
<msg time="2024-08-19T18:27:05.661269" level="INFO">criteria is com.loginmodule.learning:id/appCompatButtonRegister</msg>
<msg time="2024-08-19T18:27:05.661385" level="TRACE">Return: None</msg>
<arg>${SUBMIT_DATA_REGISTER}</arg>
<doc>Click element identified by `locator`.</doc>
<status status="PASS" start="2024-08-19T18:27:04.992888" elapsed="0.668582"/>
</kw>
<msg time="2024-08-19T18:27:05.661627" level="TRACE">Return: None</msg>
<status status="PASS" start="2024-08-19T18:27:04.992527" elapsed="0.669229"/>
</kw>
<kw name="Error Message displayed under section reinput pass" owner="android-res">
<msg time="2024-08-19T18:27:05.662924" level="TRACE">Arguments: [  ]</msg>
<kw name="Wait Until Element Is Visible" owner="AppiumLibrary">
<msg time="2024-08-19T18:27:05.663210" level="TRACE">Arguments: [ '//android.widget.TextView[@text="Password Does Not Matches"]' | '10 seconds' ]</msg>
<msg time="2024-08-19T18:27:05.663526" level="DEBUG">POST http://localhost:4723/session/9f38fc80-c739-4a47-abe7-edfc2642a414/elements {"using": "xpath", "value": "//android.widget.TextView[@text=\"Password Does Not Matches\"]"}</msg>
<msg time="2024-08-19T18:27:05.753195" level="DEBUG">http://localhost:4723 "POST /session/9f38fc80-c739-4a47-abe7-edfc2642a414/elements HTTP/11" 200 0</msg>
<msg time="2024-08-19T18:27:05.753364" level="DEBUG">Remote response: status=200 | data={"value":[{"element-6066-11e4-a52e-4f735466cecf":"00000000-0000-057d-ffff-ffff0000006b","ELEMENT":"00000000-0000-057d-ffff-ffff0000006b"}]} | headers=HTTPHeaderDict({'X-Powered-By': 'Express', 'Vary': 'X-HTTP-Method-Override', 'Content-Type': 'application/json; charset=utf-8', 'Content-Length': '139', 'ETag': 'W/"8b-MYyNTriYiLlWdNlFYRRcPTHXO7g"', 'Date': 'Mon, 19 Aug 2024 11:27:05 GMT', 'Connection': 'keep-alive', 'Keep-Alive': 'timeout=600'})</msg>
<msg time="2024-08-19T18:27:05.753471" level="DEBUG">Finished Request</msg>
<msg time="2024-08-19T18:27:05.753633" level="DEBUG">GET http://localhost:4723/session/9f38fc80-c739-4a47-abe7-edfc2642a414/element/00000000-0000-057d-ffff-ffff0000006b/displayed {}</msg>
<msg time="2024-08-19T18:27:05.793743" level="DEBUG">http://localhost:4723 "GET /session/9f38fc80-c739-4a47-abe7-edfc2642a414/element/00000000-0000-057d-ffff-ffff0000006b/displayed HTTP/11" 200 0</msg>
<msg time="2024-08-19T18:27:05.793955" level="DEBUG">Remote response: status=200 | data={"value":true} | headers=HTTPHeaderDict({'X-Powered-By': 'Express', 'Content-Type': 'application/json; charset=utf-8', 'Content-Length': '14', 'ETag': 'W/"e-2ZHvAWebNQpyjGZTg6uyV8/spTo"', 'Date': 'Mon, 19 Aug 2024 11:27:05 GMT', 'Connection': 'keep-alive', 'Keep-Alive': 'timeout=600'})</msg>
<msg time="2024-08-19T18:27:05.794078" level="DEBUG">Finished Request</msg>
<msg time="2024-08-19T18:27:05.794165" level="INFO">xpath criteria: //android.widget.TextView[@text="Password Does Not Matches"]</msg>
<msg time="2024-08-19T18:27:05.794224" level="TRACE">Return: None</msg>
<arg>${ERRREINPTPASS}</arg>
<arg>10 seconds</arg>
<doc>Waits until element specified with `locator` is visible.</doc>
<status status="PASS" start="2024-08-19T18:27:05.663059" elapsed="0.131233"/>
</kw>
<kw name="Get Text" owner="AppiumLibrary">
<msg time="2024-08-19T18:27:05.794662" level="TRACE">Arguments: [ '//android.widget.TextView[@text="Password Does Not Matches"]' ]</msg>
<msg time="2024-08-19T18:27:05.794885" level="DEBUG">POST http://localhost:4723/session/9f38fc80-c739-4a47-abe7-edfc2642a414/elements {"using": "xpath", "value": "//android.widget.TextView[@text=\"Password Does Not Matches\"]"}</msg>
<msg time="2024-08-19T18:27:06.074610" level="DEBUG">http://localhost:4723 "POST /session/9f38fc80-c739-4a47-abe7-edfc2642a414/elements HTTP/11" 200 0</msg>
<msg time="2024-08-19T18:27:06.075537" level="DEBUG">Remote response: status=200 | data={"value":[{"element-6066-11e4-a52e-4f735466cecf":"00000000-0000-057d-ffff-ffff0000006b","ELEMENT":"00000000-0000-057d-ffff-ffff0000006b"}]} | headers=HTTPHeaderDict({'X-Powered-By': 'Express', 'Vary': 'X-HTTP-Method-Override', 'Content-Type': 'application/json; charset=utf-8', 'Content-Length': '139', 'ETag': 'W/"8b-MYyNTriYiLlWdNlFYRRcPTHXO7g"', 'Date': 'Mon, 19 Aug 2024 11:27:06 GMT', 'Connection': 'keep-alive', 'Keep-Alive': 'timeout=600'})</msg>
<msg time="2024-08-19T18:27:06.076014" level="DEBUG">Finished Request</msg>
<msg time="2024-08-19T18:27:06.076351" level="DEBUG">GET http://localhost:4723/session/9f38fc80-c739-4a47-abe7-edfc2642a414/element/00000000-0000-057d-ffff-ffff0000006b/text {}</msg>
<msg time="2024-08-19T18:27:06.176713" level="DEBUG">http://localhost:4723 "GET /session/9f38fc80-c739-4a47-abe7-edfc2642a414/element/00000000-0000-057d-ffff-ffff0000006b/text HTTP/11" 200 0</msg>
<msg time="2024-08-19T18:27:06.177114" level="DEBUG">Remote response: status=200 | data={"sessionId":"9f38fc80-c739-4a47-abe7-edfc2642a414","value":"Password Does Not Matches"} | headers=HTTPHeaderDict({'X-Powered-By': 'Express', 'Content-Type': 'application/json; charset=utf-8', 'Content-Length': '88', 'ETag': 'W/"58-830fyZD9LANf5iLMBa14XWhcDtI"', 'Date': 'Mon, 19 Aug 2024 11:27:06 GMT', 'Connection': 'keep-alive', 'Keep-Alive': 'timeout=600'})</msg>
<msg time="2024-08-19T18:27:06.177391" level="DEBUG">Finished Request</msg>
<msg time="2024-08-19T18:27:06.184087" level="INFO">Element '//android.widget.TextView[@text="Password Does Not Matches"]' text is 'Password Does Not Matches' </msg>
<msg time="2024-08-19T18:27:06.184247" level="INFO">xpath criteria: //android.widget.TextView[@text="Password Does Not Matches"]</msg>
<msg time="2024-08-19T18:27:06.184420" level="TRACE">Return: 'Password Does Not Matches'</msg>
<msg time="2024-08-19T18:27:06.184593" level="INFO">${element_text} = Password Does Not Matches</msg>
<var>${element_text}</var>
<arg>${ERRREINPTPASS}</arg>
<doc>Get element text (for hybrid and mobile browser use `xpath` locator, others might cause problem)</doc>
<status status="PASS" start="2024-08-19T18:27:05.794503" elapsed="0.390171"/>
</kw>
<kw name="Log" owner="BuiltIn">
<msg time="2024-08-19T18:27:06.185220" level="TRACE">Arguments: [ 'The actual text in the user name field is: Password Does Not Matches' ]</msg>
<msg time="2024-08-19T18:27:06.185349" level="INFO">The actual text in the user name field is: Password Does Not Matches</msg>
<msg time="2024-08-19T18:27:06.185418" level="TRACE">Return: None</msg>
<arg>The actual text in the user name field is: ${element_text}</arg>
<doc>Logs the given message with the given level.</doc>
<status status="PASS" start="2024-08-19T18:27:06.184979" elapsed="0.000527"/>
</kw>
<kw name="Should Be Equal" owner="BuiltIn">
<msg time="2024-08-19T18:27:06.185973" level="TRACE">Arguments: [ 'Password Does Not Matches' | 'Password Does Not Matches' ]</msg>
<msg time="2024-08-19T18:27:06.186103" level="DEBUG">Argument types are:
&lt;class 'str'&gt;
&lt;class 'str'&gt;</msg>
<msg time="2024-08-19T18:27:06.186179" level="TRACE">Return: None</msg>
<arg>${element_text}</arg>
<arg>${ERROR_SECTIONREINPUTPASS}</arg>
<doc>Fails if the given objects are unequal.</doc>
<status status="PASS" start="2024-08-19T18:27:06.185718" elapsed="0.000522"/>
</kw>
<msg time="2024-08-19T18:27:06.186383" level="TRACE">Return: None</msg>
<status status="PASS" start="2024-08-19T18:27:05.662739" elapsed="0.523705"/>
</kw>
<tag>main</tag>
<tag>register_without_notmatchpass</tag>
<status status="PASS" start="2024-08-19T18:26:56.721020" elapsed="9.466374"/>
</test>
<status status="PASS" start="2024-08-19T18:25:44.406280" elapsed="81.783578"/>
</suite>
<status status="PASS" start="2024-08-19T18:24:50.313362" elapsed="135.879311"/>
</suite>
<statistics>
<total>
<stat pass="9" fail="0" skip="0">All Tests</stat>
</total>
<tag>
<stat pass="1" fail="0" skip="0">invalid_password</stat>
<stat pass="8" fail="0" skip="0">main</stat>
<stat pass="1" fail="0" skip="0">register_without_email</stat>
<stat pass="1" fail="0" skip="0">register_without_name</stat>
<stat pass="1" fail="0" skip="0">register_without_notmatchpass</stat>
<stat pass="1" fail="0" skip="0">register_without_pass</stat>
<stat pass="1" fail="0" skip="0">register_without_reinputpass</stat>
<stat pass="1" fail="0" skip="0">using_invalid_email main</stat>
<stat pass="1" fail="0" skip="0">valid_credential</stat>
<stat pass="1" fail="0" skip="0">valid_register</stat>
</tag>
<suite>
<stat pass="9" fail="0" skip="0" id="s1" name="Test">Test</stat>
<stat pass="3" fail="0" skip="0" id="s1-s1" name="Login">Test.Login</stat>
<stat pass="6" fail="0" skip="0" id="s1-s2" name="Register">Test.Register</stat>
</suite>
</statistics>
<errors>
</errors>
</robot>
